#
# There is insufficient memory for the Java Runtime Environment to continue.
# Native memory allocation (mmap) failed to map 268435456 bytes for G1 virtual space
# Possible reasons:
#   The system is out of physical RAM or swap space
#   The process is running with CompressedOops enabled, and the Java Heap may be blocking the growth of the native heap
# Possible solutions:
#   Reduce memory load on the system
#   Increase physical memory or swap space
#   Check if swap backing store is full
#   Decrease Java heap size (-Xmx/-Xms)
#   Decrease number of Java threads
#   Decrease Java thread stack sizes (-Xss)
#   Set larger code cache with -XX:ReservedCodeCacheSize=
#   JVM is running with Zero Based Compressed Oops mode in which the Java heap is
#     placed in the first 32GB address space. The Java Heap base address is the
#     maximum limit for the native heap growth. Please use -XX:HeapBaseMinAddress
#     to set the Java Heap base and to place the Java Heap above 32GB virtual address.
# This output file may be truncated or incomplete.
#
#  Out of Memory Error (os_windows.cpp:3541), pid=19352, tid=20052
#
# JRE version:  (17.0.4.1+1) (build )
# Java VM: OpenJDK 64-Bit Server VM (17.0.4.1+1, mixed mode, sharing, tiered, compressed oops, compressed class ptrs, g1 gc, windows-amd64)
# No core dump will be written. Minidumps are not enabled by default on client versions of Windows
#

---------------  S U M M A R Y ------------

Command Line: -XX:+ShowCodeDetailsInExceptionMessages main.java.br.com.alura.hotel.views.Login

Host: Intel(R) Core(TM) i7-7700 CPU @ 3.60GHz, 8 cores, 15G,  Windows 10 , 64 bit Build 19041 (10.0.19041.3031)
Time: Thu Sep  7 23:36:39 2023 Hora oficial do Brasil elapsed time: 0.022110 seconds (0d 0h 0m 0s)

---------------  T H R E A D  ---------------

Current thread (0x000001d81df38340):  JavaThread "Unknown thread" [_thread_in_vm, id=20052, stack(0x00000071a2d00000,0x00000071a2e00000)]

Stack: [0x00000071a2d00000,0x00000071a2e00000]
Native frames: (J=compiled Java code, j=interpreted, Vv=VM code, C=native code)
V  [jvm.dll+0x67731a]
V  [jvm.dll+0x832284]
V  [jvm.dll+0x833a2e]
V  [jvm.dll+0x834093]
V  [jvm.dll+0x245775]
V  [jvm.dll+0x674209]
V  [jvm.dll+0x668a92]
V  [jvm.dll+0x30471b]
V  [jvm.dll+0x30bc66]
V  [jvm.dll+0x35ba9e]
V  [jvm.dll+0x35bccf]
V  [jvm.dll+0x2db5b8]
V  [jvm.dll+0x2dc524]
V  [jvm.dll+0x803db1]
V  [jvm.dll+0x3698f1]
V  [jvm.dll+0x7e31bc]
V  [jvm.dll+0x3ec25f]
V  [jvm.dll+0x3edde1]
C  [jli.dll+0x5277]
C  [ucrtbase.dll+0x21bb2]
C  [KERNEL32.DLL+0x17614]
C  [ntdll.dll+0x526f1]


---------------  P R O C E S S  ---------------

Threads class SMR info:
_java_thread_list=0x00007ffaf8924e98, length=0, elements={
}

Java Threads: ( => current thread )

Other Threads:
  0x000001d81dfa28c0 GCTaskThread "GC Thread#0" [stack: 0x00000071a2e00000,0x00000071a2f00000] [id=33836]
  0x000001d81dfb3780 ConcurrentGCThread "G1 Main Marker" [stack: 0x00000071a2f00000,0x00000071a3000000] [id=34348]
  0x000001d81dfb51a0 ConcurrentGCThread "G1 Conc#0" [stack: 0x00000071a3000000,0x00000071a3100000] [id=32084]

[error occurred during error reporting (printing all threads), id 0xc0000005, EXCEPTION_ACCESS_VIOLATION (0xc0000005) at pc=0x00007ffaf80fc047]

VM state: not at safepoint (not fully initialized)

VM Mutex/Monitor currently owned by a thread:  ([mutex/lock_event])
[0x000001d81df30b90] Heap_lock - owner thread: 0x000001d81df38340

Heap address: 0x0000000700800000, size: 4088 MB, Compressed Oops mode: Zero based, Oop shift amount: 3

CDS archive(s) mapped at: [0x0000000000000000-0x0000000000000000-0x0000000000000000), size 0, SharedBaseAddress: 0x0000000800000000, ArchiveRelocationMode: 0.
Narrow klass base: 0x0000000000000000, Narrow klass shift: 0, Narrow klass range: 0x0

GC Precious Log:
<Empty>

Heap:
 garbage-first heap   total 0K, used 0K [0x0000000700800000, 0x0000000800000000)
  region size 2048K, 0 young (0K), 0 survivors (0K)

[error occurred during error reporting (printing heap information), id 0xc0000005, EXCEPTION_ACCESS_VIOLATION (0xc0000005) at pc=0x00007ffaf84e0699]

GC Heap History (0 events):
No events

Deoptimization events (0 events):
No events

Classes unloaded (0 events):
No events

Classes redefined (0 events):
No events

Internal exceptions (0 events):
No events

VM Operations (0 events):
No events

Events (1 events):
Event: 0.009 Loaded shared library C:\Users\Desktop\AppData\Local\Programs\Eclipse Adoptium\jdk-17.0.4.101-hotspot\bin\java.dll


Dynamic libraries:
0x00007ff7d7160000 - 0x00007ff7d716e000 	C:\Users\Desktop\AppData\Local\Programs\Eclipse Adoptium\jdk-17.0.4.101-hotspot\bin\java.exe
0x00007ffb6e490000 - 0x00007ffb6e688000 	C:\WINDOWS\SYSTEM32\ntdll.dll
0x00007ffb409a0000 - 0x00007ffb409b9000 	C:\Program Files\AVAST Software\Avast\aswhook.dll
0x00007ffb6d500000 - 0x00007ffb6d5bf000 	C:\WINDOWS\System32\KERNEL32.DLL
0x00007ffb6c0c0000 - 0x00007ffb6c3b6000 	C:\WINDOWS\System32\KERNELBASE.dll
0x00007ffb6c3f0000 - 0x00007ffb6c4f0000 	C:\WINDOWS\System32\ucrtbase.dll
0x00007ffb60fb0000 - 0x00007ffb60fc9000 	C:\Users\Desktop\AppData\Local\Programs\Eclipse Adoptium\jdk-17.0.4.101-hotspot\bin\VCRUNTIME140.dll
0x00007ffb60f90000 - 0x00007ffb60fa8000 	C:\Users\Desktop\AppData\Local\Programs\Eclipse Adoptium\jdk-17.0.4.101-hotspot\bin\jli.dll
0x00007ffb6d0e0000 - 0x00007ffb6d27d000 	C:\WINDOWS\System32\USER32.dll
0x00007ffb6bb70000 - 0x00007ffb6bb92000 	C:\WINDOWS\System32\win32u.dll
0x00007ffb5d290000 - 0x00007ffb5d52a000 	C:\WINDOWS\WinSxS\amd64_microsoft.windows.common-controls_6595b64144ccf1df_6.0.19041.1110_none_60b5254171f9507e\COMCTL32.dll
0x00007ffb6c6e0000 - 0x00007ffb6c70c000 	C:\WINDOWS\System32\GDI32.dll
0x00007ffb6cfb0000 - 0x00007ffb6d04e000 	C:\WINDOWS\System32\msvcrt.dll
0x00007ffb6bbf0000 - 0x00007ffb6bd05000 	C:\WINDOWS\System32\gdi32full.dll
0x00007ffb6bd80000 - 0x00007ffb6be1d000 	C:\WINDOWS\System32\msvcp_win.dll
0x00007ffb6e420000 - 0x00007ffb6e450000 	C:\WINDOWS\System32\IMM32.DLL
0x00007ffb673a0000 - 0x00007ffb673ac000 	C:\Users\Desktop\AppData\Local\Programs\Eclipse Adoptium\jdk-17.0.4.101-hotspot\bin\vcruntime140_1.dll
0x00007ffb4ba00000 - 0x00007ffb4ba91000 	C:\Users\Desktop\AppData\Local\Programs\Eclipse Adoptium\jdk-17.0.4.101-hotspot\bin\msvcp140.dll
0x00007ffaf7e10000 - 0x00007ffaf8a56000 	C:\Users\Desktop\AppData\Local\Programs\Eclipse Adoptium\jdk-17.0.4.101-hotspot\bin\server\jvm.dll
0x00007ffb6e150000 - 0x00007ffb6e1ff000 	C:\WINDOWS\System32\ADVAPI32.dll
0x00007ffb6d820000 - 0x00007ffb6d8bc000 	C:\WINDOWS\System32\sechost.dll
0x00007ffb6c4f0000 - 0x00007ffb6c616000 	C:\WINDOWS\System32\RPCRT4.dll
0x00007ffb6d410000 - 0x00007ffb6d418000 	C:\WINDOWS\System32\PSAPI.DLL
0x00007ffb5fe80000 - 0x00007ffb5fea7000 	C:\WINDOWS\SYSTEM32\WINMM.dll
0x00007ffb65ce0000 - 0x00007ffb65cea000 	C:\WINDOWS\SYSTEM32\VERSION.dll
0x00007ffb4fc00000 - 0x00007ffb4fc09000 	C:\WINDOWS\SYSTEM32\WSOCK32.dll
0x00007ffb6d280000 - 0x00007ffb6d2eb000 	C:\WINDOWS\System32\WS2_32.dll
0x00007ffb6a3d0000 - 0x00007ffb6a3e2000 	C:\WINDOWS\SYSTEM32\kernel.appcore.dll
0x00007ffb5d640000 - 0x00007ffb5d64a000 	C:\Users\Desktop\AppData\Local\Programs\Eclipse Adoptium\jdk-17.0.4.101-hotspot\bin\jimage.dll
0x00007ffb69170000 - 0x00007ffb69354000 	C:\WINDOWS\SYSTEM32\DBGHELP.DLL
0x00007ffb60df0000 - 0x00007ffb60e24000 	C:\WINDOWS\SYSTEM32\dbgcore.DLL
0x00007ffb6be20000 - 0x00007ffb6bea2000 	C:\WINDOWS\System32\bcryptPrimitives.dll
0x00007ffb5d610000 - 0x00007ffb5d635000 	C:\Users\Desktop\AppData\Local\Programs\Eclipse Adoptium\jdk-17.0.4.101-hotspot\bin\java.dll

dbghelp: loaded successfully - version: 4.0.5 - missing functions: none
symbol engine: initialized successfully - sym options: 0x614 - pdb path: .;C:\Users\Desktop\AppData\Local\Programs\Eclipse Adoptium\jdk-17.0.4.101-hotspot\bin;C:\WINDOWS\SYSTEM32;C:\Program Files\AVAST Software\Avast;C:\WINDOWS\WinSxS\amd64_microsoft.windows.common-controls_6595b64144ccf1df_6.0.19041.1110_none_60b5254171f9507e;C:\Users\Desktop\AppData\Local\Programs\Eclipse Adoptium\jdk-17.0.4.101-hotspot\bin\server

VM Arguments:
jvm_args: -XX:+ShowCodeDetailsInExceptionMessages 
java_command: main.java.br.com.alura.hotel.views.Login
java_class_path (initial): C:\Users\Desktop\AppData\Roaming\Code\User\workspaceStorage\a33f44b653289dbf645985558d775b4d\redhat.java\jdt_ws\one-t5-hotel_6b5ae5ee\bin;e:\_Dev\one-t5-hotel\lib\javax.activation-api-1.2.0.jar;e:\_Dev\one-t5-hotel\lib\jaxb-api-2.3.1.jar;e:\_Dev\one-t5-hotel\lib\KGradientPanel.jar;e:\_Dev\one-t5-hotel\lib\mchange-commons-java-0.2.19.jar;e:\_Dev\one-t5-hotel\lib\c3p0-0.9.5.5.jar;e:\_Dev\one-t5-hotel\lib\javax.persistence-api-2.2.jar;e:\_Dev\one-t5-hotel\lib\stax-ex-1.8.jar;e:\_Dev\one-t5-hotel\lib\mysql-connector-java-8.0.17.jar;e:\_Dev\one-t5-hotel\lib\dom4j-2.1.3.jar;e:\_Dev\one-t5-hotel\lib\h2-1.4.200.jar;e:\_Dev\one-t5-hotel\lib\jandex-2.1.3.Final.jar;e:\_Dev\one-t5-hotel\lib\byte-buddy-1.10.17.jar;e:\_Dev\one-t5-hotel\lib\classmate-1.5.1.jar;e:\_Dev\one-t5-hotel\lib\hibernate-entitymanager-5.4.27.Final.jar;e:\_Dev\one-t5-hotel\lib\istack-commons-runtime-3.0.7.jar;e:\_Dev\one-t5-hotel\lib\txw2-2.3.1.jar;e:\_Dev\one-t5-hotel\lib\jboss-transaction-api_1.2_spec-1.1.1.Final.jar;e:\_Dev\one-t5-hotel\lib\jcalendar-1.4.jar;e:\_Dev\one-t5-hotel\lib\hibernate-commons-annotations-5.1.2.Final.jar;e:\_Dev\one-t5-hotel\lib\hibernate-core-5.4.27.Final.jar;e:\_Dev\one-t5-hotel\lib\FastInfoset-1.2.15.jar;e:\_Dev\one-t5-hotel\lib\javassist-3.27.0-GA.jar;e:\_Dev\one-t5-hotel\lib\jaxb-runtime-2.3.1.jar;e:\_Dev\one-t5-hotel\lib\antlr-2.7.7.jar;e:\_Dev\one-t5-hotel\lib\jboss-logging-3.4.1.Final.jar
Launcher Type: SUN_STANDARD

[Global flags]
     intx CICompilerCount                          = 4                                         {product} {ergonomic}
     uint ConcGCThreads                            = 2                                         {product} {ergonomic}
     uint G1ConcRefinementThreads                  = 8                                         {product} {ergonomic}
   size_t G1HeapRegionSize                         = 2097152                                   {product} {ergonomic}
    uintx GCDrainStackTargetSize                   = 64                                        {product} {ergonomic}
   size_t InitialHeapSize                          = 268435456                                 {product} {ergonomic}
   size_t MarkStackSize                            = 4194304                                   {product} {ergonomic}
   size_t MaxHeapSize                              = 4286578688                                {product} {ergonomic}
   size_t MinHeapDeltaBytes                        = 2097152                                   {product} {ergonomic}
   size_t MinHeapSize                              = 8388608                                   {product} {ergonomic}
    uintx NonNMethodCodeHeapSize                   = 5839372                                {pd product} {ergonomic}
    uintx NonProfiledCodeHeapSize                  = 122909434                              {pd product} {ergonomic}
    uintx ProfiledCodeHeapSize                     = 122909434                              {pd product} {ergonomic}
    uintx ReservedCodeCacheSize                    = 251658240                              {pd product} {ergonomic}
     bool SegmentedCodeCache                       = true                                      {product} {ergonomic}
     bool ShowCodeDetailsInExceptionMessages       = true                                   {manageable} {command line}
   size_t SoftMaxHeapSize                          = 4286578688                             {manageable} {ergonomic}
     bool UseCompressedClassPointers               = true                           {product lp64_product} {ergonomic}
     bool UseCompressedOops                        = true                           {product lp64_product} {ergonomic}
     bool UseG1GC                                  = true                                      {product} {ergonomic}
     bool UseLargePagesIndividualAllocation        = false                                  {pd product} {ergonomic}

Logging:
Log output configuration:
 #0: stdout all=warning uptime,level,tags
 #1: stderr all=off uptime,level,tags

Environment Variables:
JAVA_HOME=C:\Users\Desktop\AppData\Local\Programs\Eclipse Adoptium\jdk-17.0.4.101-hotspot\
PATH=C:\Python311\Scripts\;C:\Python311\;C:\Program Files (x86)\Common Files\Intel\Shared Libraries\redist\intel64_win\compiler;C:\Program Files (x86)\Common Files\Intel\Shared Libraries\redist\ia32_win\compiler;C:\Program Files (x86)\Razer Chroma SDK\bin;C:\Program Files\Razer Chroma SDK\bin;C:\Program Files (x86)\Razer\ChromaBroadcast\bin;C:\Program Files\Razer\ChromaBroadcast\bin;C:\Program Files (x86)\Intel\iCLS Client\;C:\Program Files\Intel\iCLS Client\;C:\Windows\system32;C:\Windows;C:\Windows\System32\Wbem;C:\Windows\System32\WindowsPowerShell\v1.0\;C:\Program Files (x86)\Intel\Intel(R) Management Engine Components\DAL;C:\Program Files\Intel\Intel(R) Management Engine Components\DAL;C:\Program Files (x86)\Intel\Intel(R) Management Engine Components\IPT;C:\Program Files\Intel\Intel(R) Management Engine Components\IPT;C:\Program Files (x86)\NVIDIA Corporation\PhysX\Common;C:\WINDOWS\system32;C:\WINDOWS;C:\WINDOWS\System32\Wbem;C:\WINDOWS\System32\WindowsPowerShell\v1.0\;C:\WINDOWS\System32\OpenSSH\;C:\Program Files (x86)\QuickTime\QTSystem\;C:\Program Files\NVIDIA Corporation\NVIDIA NvDLISR;C:\WINDOWS\system32;C:\WINDOWS;C:\WINDOWS\System32\Wbem;C:\WINDOWS\System32\WindowsPowerShell\v1.0\;C:\WINDOWS\System32\OpenSSH\;C:\WINDOWS\system32\config\systemprofile\AppData\Local\Microsoft\WindowsApps;C:\Program Files\Git\cmd;C:\Program Files\nodejs\;C:\ProgramData\chocolatey\bin;C:\Program Files\MySQL\MySQL Shell 8.0\bin\;C:\Users\Desktop\AppData\Local\Programs\Eclipse Adoptium\jdk-17.0.4.101-hotspot\bin;C:\Users\Desktop\AppData\Local\Microsoft\WindowsApps;C:\Users\Desktop\AppData\Local\Programs\Microsoft VS Code\bin;C:\Users\Desktop\AppData\Local\GitHubDesktop\bin;C:\Users\Desktop\AppData\Roaming\npm
USERNAME=Desktop
LANG=en_US.UTF-8
OS=Windows_NT
PROCESSOR_IDENTIFIER=Intel64 Family 6 Model 158 Stepping 9, GenuineIntel
TMP=C:\Users\Desktop\AppData\Local\Temp
TEMP=C:\Users\Desktop\AppData\Local\Temp



---------------  S Y S T E M  ---------------

OS:
 Windows 10 , 64 bit Build 19041 (10.0.19041.3031)
OS uptime: 0 days 13:15 hours

CPU: total 8 (initial active 8) (4 cores per cpu, 2 threads per core) family 6 model 158 stepping 9 microcode 0xb4, cx8, cmov, fxsr, ht, mmx, 3dnowpref, sse, sse2, sse3, ssse3, sse4.1, sse4.2, popcnt, lzcnt, tsc, tscinvbit, avx, avx2, aes, erms, clmul, bmi1, bmi2, rtm, adx, fma, vzeroupper, clflush, clflushopt

Memory: 4k page, system-wide physical 16344M (3701M free)
TotalPageFile size 21464M (AvailPageFile size 166M)
current process WorkingSet (physical memory assigned to process): 10M, peak: 10M
current process commit charge ("private bytes"): 60M, peak: 316M

vm_info: OpenJDK 64-Bit Server VM (17.0.4.1+1) for windows-amd64 JRE (17.0.4.1+1), built on Aug 17 2022 07:42:43 by "temurin" with MS VC++ 16.7 (VS2019)

END.
