#
# There is insufficient memory for the Java Runtime Environment to continue.
# Native memory allocation (mmap) failed to map 65536 bytes for Failed to commit metaspace.
# Possible reasons:
#   The system is out of physical RAM or swap space
#   The process is running with CompressedOops enabled, and the Java Heap may be blocking the growth of the native heap
# Possible solutions:
#   Reduce memory load on the system
#   Increase physical memory or swap space
#   Check if swap backing store is full
#   Decrease Java heap size (-Xmx/-Xms)
#   Decrease number of Java threads
#   Decrease Java thread stack sizes (-Xss)
#   Set larger code cache with -XX:ReservedCodeCacheSize=
#   JVM is running with Zero Based Compressed Oops mode in which the Java heap is
#     placed in the first 32GB address space. The Java Heap base address is the
#     maximum limit for the native heap growth. Please use -XX:HeapBaseMinAddress
#     to set the Java Heap base and to place the Java Heap above 32GB virtual address.
# This output file may be truncated or incomplete.
#
#  Out of Memory Error (virtualSpaceNode.cpp:110), pid=33288, tid=17672
#
# JRE version: OpenJDK Runtime Environment Temurin-17.0.4.1+1 (17.0.4.1+1) (build 17.0.4.1+1)
# Java VM: OpenJDK 64-Bit Server VM Temurin-17.0.4.1+1 (17.0.4.1+1, mixed mode, sharing, tiered, compressed oops, compressed class ptrs, g1 gc, windows-amd64)
# No core dump will be written. Minidumps are not enabled by default on client versions of Windows
#

---------------  S U M M A R Y ------------

Command Line: -XX:+ShowCodeDetailsInExceptionMessages main.java.br.com.alura.hotel.views.Login

Host: Intel(R) Core(TM) i7-7700 CPU @ 3.60GHz, 8 cores, 15G,  Windows 10 , 64 bit Build 19041 (10.0.19041.3031)
Time: Fri Sep  8 00:47:00 2023 Hora oficial do Brasil elapsed time: 0.609904 seconds (0d 0h 0m 0s)

---------------  T H R E A D  ---------------

Current thread (0x000001d887144df0):  JavaThread "AWT-EventQueue-0" [_thread_in_vm, id=17672, stack(0x000000bcd4100000,0x000000bcd4200000)]

Stack: [0x000000bcd4100000,0x000000bcd4200000]
Native frames: (J=compiled Java code, j=interpreted, Vv=VM code, C=native code)
V  [jvm.dll+0x67731a]
V  [jvm.dll+0x832284]
V  [jvm.dll+0x833a2e]
V  [jvm.dll+0x834093]
V  [jvm.dll+0x245775]
V  [jvm.dll+0x82e22b]
V  [jvm.dll+0x61bdf6]
V  [jvm.dll+0x1c07be]
V  [jvm.dll+0x61e741]
V  [jvm.dll+0x61c796]
V  [jvm.dll+0x36ba22]
V  [jvm.dll+0x1e227b]
V  [jvm.dll+0x53c939]
V  [jvm.dll+0x1f11e7]
V  [jvm.dll+0x7ac56b]
V  [jvm.dll+0x7ad912]
V  [jvm.dll+0x413f45]
C  [java.dll+0x1a55]

Java frames: (J=compiled Java code, j=interpreted, Vv=VM code)
j  java.lang.ClassLoader.findBootstrapClass(Ljava/lang/String;)Ljava/lang/Class;+0 java.base@17.0.4.1
j  java.lang.ClassLoader.findBootstrapClassOrNull(Ljava/lang/String;)Ljava/lang/Class;+10 java.base@17.0.4.1
j  java.lang.System$2.findBootstrapClassOrNull(Ljava/lang/String;)Ljava/lang/Class;+1 java.base@17.0.4.1
j  jdk.internal.loader.ClassLoaders$BootClassLoader.loadClassOrNull(Ljava/lang/String;Z)Ljava/lang/Class;+4 java.base@17.0.4.1
j  jdk.internal.loader.BuiltinClassLoader.loadClassOrNull(Ljava/lang/String;)Ljava/lang/Class;+3 java.base@17.0.4.1
j  jdk.internal.loader.BuiltinClassLoader.loadClassOrNull(Ljava/lang/String;Z)Ljava/lang/Class;+66 java.base@17.0.4.1
j  jdk.internal.loader.BuiltinClassLoader.loadClass(Ljava/lang/String;Z)Ljava/lang/Class;+3 java.base@17.0.4.1
j  jdk.internal.loader.ClassLoaders$AppClassLoader.loadClass(Ljava/lang/String;Z)Ljava/lang/Class;+36 java.base@17.0.4.1
j  java.lang.ClassLoader.loadClass(Ljava/lang/String;)Ljava/lang/Class;+3 java.base@17.0.4.1
v  ~StubRoutines::call_stub
j  main.java.br.com.alura.hotel.views.MenuPrincipal.<init>()V+123
j  main.java.br.com.alura.hotel.views.Login.<init>()V+42
j  main.java.br.com.alura.hotel.views.Login$1.run()V+4
j  java.awt.event.InvocationEvent.dispatch()V+47 java.desktop@17.0.4.1
j  java.awt.EventQueue.dispatchEventImpl(Ljava/awt/AWTEvent;Ljava/lang/Object;)V+21 java.desktop@17.0.4.1
j  java.awt.EventQueue$4.run()Ljava/lang/Void;+32 java.desktop@17.0.4.1
j  java.awt.EventQueue$4.run()Ljava/lang/Object;+1 java.desktop@17.0.4.1
j  java.security.AccessController.executePrivileged(Ljava/security/PrivilegedAction;Ljava/security/AccessControlContext;Ljava/lang/Class;)Ljava/lang/Object;+29 java.base@17.0.4.1
j  java.security.AccessController.doPrivileged(Ljava/security/PrivilegedAction;Ljava/security/AccessControlContext;)Ljava/lang/Object;+13 java.base@17.0.4.1
j  java.security.ProtectionDomain$JavaSecurityAccessImpl.doIntersectionPrivilege(Ljava/security/PrivilegedAction;Ljava/security/AccessControlContext;Ljava/security/AccessControlContext;)Ljava/lang/Object;+18 java.base@17.0.4.1
j  java.awt.EventQueue.dispatchEvent(Ljava/awt/AWTEvent;)V+46 java.desktop@17.0.4.1
j  java.awt.EventDispatchThread.pumpOneEventForFilters(I)V+78 java.desktop@17.0.4.1
j  java.awt.EventDispatchThread.pumpEventsForFilter(ILjava/awt/Conditional;Ljava/awt/EventFilter;)V+35 java.desktop@17.0.4.1
j  java.awt.EventDispatchThread.pumpEventsForHierarchy(ILjava/awt/Conditional;Ljava/awt/Component;)V+11 java.desktop@17.0.4.1
j  java.awt.EventDispatchThread.pumpEvents(ILjava/awt/Conditional;)V+4 java.desktop@17.0.4.1
j  java.awt.EventDispatchThread.pumpEvents(Ljava/awt/Conditional;)V+3 java.desktop@17.0.4.1
j  java.awt.EventDispatchThread.run()V+9 java.desktop@17.0.4.1
v  ~StubRoutines::call_stub

---------------  P R O C E S S  ---------------

Threads class SMR info:
_java_thread_list=0x000001d8875da7f0, length=16, elements={
0x000001d8865ef1c0, 0x000001d8865f2f10, 0x000001d88660bac0, 0x000001d88660c580,
0x000001d88660f6f0, 0x000001d8866118a0, 0x000001d8866154a0, 0x000001d886618210,
0x000001d887010060, 0x000001d887147940, 0x000001d887143f80, 0x000001d887144450,
0x000001d887144920, 0x000001d887146ad0, 0x000001d887144df0, 0x000001d8871452c0
}

Java Threads: ( => current thread )
  0x000001d8865ef1c0 JavaThread "Reference Handler" daemon [_thread_blocked, id=31432, stack(0x000000bcd3100000,0x000000bcd3200000)]
  0x000001d8865f2f10 JavaThread "Finalizer" daemon [_thread_blocked, id=21208, stack(0x000000bcd3200000,0x000000bcd3300000)]
  0x000001d88660bac0 JavaThread "Signal Dispatcher" daemon [_thread_blocked, id=2388, stack(0x000000bcd3300000,0x000000bcd3400000)]
  0x000001d88660c580 JavaThread "Attach Listener" daemon [_thread_blocked, id=27304, stack(0x000000bcd3400000,0x000000bcd3500000)]
  0x000001d88660f6f0 JavaThread "Service Thread" daemon [_thread_blocked, id=28932, stack(0x000000bcd3500000,0x000000bcd3600000)]
  0x000001d8866118a0 JavaThread "Monitor Deflation Thread" daemon [_thread_blocked, id=22276, stack(0x000000bcd3600000,0x000000bcd3700000)]
  0x000001d8866154a0 JavaThread "C2 CompilerThread0" daemon [_thread_blocked, id=3568, stack(0x000000bcd3700000,0x000000bcd3800000)]
  0x000001d886618210 JavaThread "C1 CompilerThread0" daemon [_thread_in_vm, id=18572, stack(0x000000bcd3800000,0x000000bcd3900000)]
  0x000001d887010060 JavaThread "Sweeper thread" daemon [_thread_blocked, id=32108, stack(0x000000bcd3900000,0x000000bcd3a00000)]
  0x000001d887147940 JavaThread "Notification Thread" daemon [_thread_blocked, id=28660, stack(0x000000bcd3a00000,0x000000bcd3b00000)]
  0x000001d887143f80 JavaThread "Common-Cleaner" daemon [_thread_blocked, id=6240, stack(0x000000bcd3c00000,0x000000bcd3d00000)]
  0x000001d887144450 JavaThread "Java2D Disposer" daemon [_thread_blocked, id=31056, stack(0x000000bcd3e00000,0x000000bcd3f00000)]
  0x000001d887144920 JavaThread "AWT-Shutdown" [_thread_blocked, id=34840, stack(0x000000bcd3f00000,0x000000bcd4000000)]
  0x000001d887146ad0 JavaThread "AWT-Windows" daemon [_thread_in_native, id=25796, stack(0x000000bcd4000000,0x000000bcd4100000)]
=>0x000001d887144df0 JavaThread "AWT-EventQueue-0" [_thread_in_vm, id=17672, stack(0x000000bcd4100000,0x000000bcd4200000)]
  0x000001d8871452c0 JavaThread "DestroyJavaVM" [_thread_blocked, id=32668, stack(0x000000bcd2a00000,0x000000bcd2b00000)]

Other Threads:
  0x000001d8865e9c10 VMThread "VM Thread" [stack: 0x000000bcd3000000,0x000000bcd3100000] [id=19208]
  0x000001d8e3592a90 WatcherThread [stack: 0x000000bcd3b00000,0x000000bcd3c00000] [id=35320]
  0x000001d8e35772d0 GCTaskThread "GC Thread#0" [stack: 0x000000bcd2b00000,0x000000bcd2c00000] [id=31764]
  0x000001d8e3588190 ConcurrentGCThread "G1 Main Marker" [stack: 0x000000bcd2c00000,0x000000bcd2d00000] [id=35156]
  0x000001d8e358a350 ConcurrentGCThread "G1 Conc#0" [stack: 0x000000bcd2d00000,0x000000bcd2e00000] [id=31748]
  0x000001d8e35dd600 ConcurrentGCThread "G1 Refine#0" [stack: 0x000000bcd2e00000,0x000000bcd2f00000] [id=35512]
  0x000001d8e35ddf30 ConcurrentGCThread "G1 Service" [stack: 0x000000bcd2f00000,0x000000bcd3000000] [id=20004]

Threads with active compile tasks:
C1 CompilerThread0      633  516       3       javax.swing.UIDefaults::get (21 bytes)

VM state: not at safepoint (normal execution)

VM Mutex/Monitor currently owned by a thread:  ([mutex/lock_event])
[0x000001d8e34f2330] Metaspace_lock - owner thread: 0x000001d887144df0
[0x000001d8e3503fd0] MethodData_lock - owner thread: 0x000001d886618210

Heap address: 0x0000000700800000, size: 4088 MB, Compressed Oops mode: Zero based, Oop shift amount: 3

CDS archive(s) mapped at: [0x0000000800000000-0x0000000800bc0000-0x0000000800bc0000), size 12320768, SharedBaseAddress: 0x0000000800000000, ArchiveRelocationMode: 0.
Compressed class space mapped at: 0x0000000800c00000-0x0000000840c00000, reserved size: 1073741824
Narrow klass base: 0x0000000800000000, Narrow klass shift: 0, Narrow klass range: 0x100000000

GC Precious Log:
 CPUs: 8 total, 8 available
 Memory: 16344M
 Large Page Support: Disabled
 NUMA Support: Disabled
 Compressed Oops: Enabled (Zero based)
 Heap Region Size: 2M
 Heap Min Capacity: 8M
 Heap Initial Capacity: 256M
 Heap Max Capacity: 4088M
 Pre-touch: Disabled
 Parallel Workers: 8
 Concurrent Workers: 2
 Concurrent Refinement Workers: 8
 Periodic GC: Disabled

Heap:
 garbage-first heap   total 262144K, used 6144K [0x0000000700800000, 0x0000000800000000)
  region size 2048K, 4 young (8192K), 0 survivors (0K)
 Metaspace       used 4318K, committed 4416K, reserved 1056768K
  class space    used 486K, committed 512K, reserved 1048576K

Heap Regions: E=young(eden), S=young(survivor), O=old, HS=humongous(starts), HC=humongous(continues), CS=collection set, F=free, OA=open archive, CA=closed archive, TAMS=top-at-mark-start (previous, next)
|   0|0x0000000700800000, 0x0000000700800000, 0x0000000700a00000|  0%| F|  |TAMS 0x0000000700800000, 0x0000000700800000| Untracked 
|   1|0x0000000700a00000, 0x0000000700a00000, 0x0000000700c00000|  0%| F|  |TAMS 0x0000000700a00000, 0x0000000700a00000| Untracked 
|   2|0x0000000700c00000, 0x0000000700c00000, 0x0000000700e00000|  0%| F|  |TAMS 0x0000000700c00000, 0x0000000700c00000| Untracked 
|   3|0x0000000700e00000, 0x0000000700e00000, 0x0000000701000000|  0%| F|  |TAMS 0x0000000700e00000, 0x0000000700e00000| Untracked 
|   4|0x0000000701000000, 0x0000000701000000, 0x0000000701200000|  0%| F|  |TAMS 0x0000000701000000, 0x0000000701000000| Untracked 
|   5|0x0000000701200000, 0x0000000701200000, 0x0000000701400000|  0%| F|  |TAMS 0x0000000701200000, 0x0000000701200000| Untracked 
|   6|0x0000000701400000, 0x0000000701400000, 0x0000000701600000|  0%| F|  |TAMS 0x0000000701400000, 0x0000000701400000| Untracked 
|   7|0x0000000701600000, 0x0000000701600000, 0x0000000701800000|  0%| F|  |TAMS 0x0000000701600000, 0x0000000701600000| Untracked 
|   8|0x0000000701800000, 0x0000000701800000, 0x0000000701a00000|  0%| F|  |TAMS 0x0000000701800000, 0x0000000701800000| Untracked 
|   9|0x0000000701a00000, 0x0000000701a00000, 0x0000000701c00000|  0%| F|  |TAMS 0x0000000701a00000, 0x0000000701a00000| Untracked 
|  10|0x0000000701c00000, 0x0000000701c00000, 0x0000000701e00000|  0%| F|  |TAMS 0x0000000701c00000, 0x0000000701c00000| Untracked 
|  11|0x0000000701e00000, 0x0000000701e00000, 0x0000000702000000|  0%| F|  |TAMS 0x0000000701e00000, 0x0000000701e00000| Untracked 
|  12|0x0000000702000000, 0x0000000702000000, 0x0000000702200000|  0%| F|  |TAMS 0x0000000702000000, 0x0000000702000000| Untracked 
|  13|0x0000000702200000, 0x0000000702200000, 0x0000000702400000|  0%| F|  |TAMS 0x0000000702200000, 0x0000000702200000| Untracked 
|  14|0x0000000702400000, 0x0000000702400000, 0x0000000702600000|  0%| F|  |TAMS 0x0000000702400000, 0x0000000702400000| Untracked 
|  15|0x0000000702600000, 0x0000000702600000, 0x0000000702800000|  0%| F|  |TAMS 0x0000000702600000, 0x0000000702600000| Untracked 
|  16|0x0000000702800000, 0x0000000702800000, 0x0000000702a00000|  0%| F|  |TAMS 0x0000000702800000, 0x0000000702800000| Untracked 
|  17|0x0000000702a00000, 0x0000000702a00000, 0x0000000702c00000|  0%| F|  |TAMS 0x0000000702a00000, 0x0000000702a00000| Untracked 
|  18|0x0000000702c00000, 0x0000000702c00000, 0x0000000702e00000|  0%| F|  |TAMS 0x0000000702c00000, 0x0000000702c00000| Untracked 
|  19|0x0000000702e00000, 0x0000000702e00000, 0x0000000703000000|  0%| F|  |TAMS 0x0000000702e00000, 0x0000000702e00000| Untracked 
|  20|0x0000000703000000, 0x0000000703000000, 0x0000000703200000|  0%| F|  |TAMS 0x0000000703000000, 0x0000000703000000| Untracked 
|  21|0x0000000703200000, 0x0000000703200000, 0x0000000703400000|  0%| F|  |TAMS 0x0000000703200000, 0x0000000703200000| Untracked 
|  22|0x0000000703400000, 0x0000000703400000, 0x0000000703600000|  0%| F|  |TAMS 0x0000000703400000, 0x0000000703400000| Untracked 
|  23|0x0000000703600000, 0x0000000703600000, 0x0000000703800000|  0%| F|  |TAMS 0x0000000703600000, 0x0000000703600000| Untracked 
|  24|0x0000000703800000, 0x0000000703800000, 0x0000000703a00000|  0%| F|  |TAMS 0x0000000703800000, 0x0000000703800000| Untracked 
|  25|0x0000000703a00000, 0x0000000703a00000, 0x0000000703c00000|  0%| F|  |TAMS 0x0000000703a00000, 0x0000000703a00000| Untracked 
|  26|0x0000000703c00000, 0x0000000703c00000, 0x0000000703e00000|  0%| F|  |TAMS 0x0000000703c00000, 0x0000000703c00000| Untracked 
|  27|0x0000000703e00000, 0x0000000703e00000, 0x0000000704000000|  0%| F|  |TAMS 0x0000000703e00000, 0x0000000703e00000| Untracked 
|  28|0x0000000704000000, 0x0000000704000000, 0x0000000704200000|  0%| F|  |TAMS 0x0000000704000000, 0x0000000704000000| Untracked 
|  29|0x0000000704200000, 0x0000000704200000, 0x0000000704400000|  0%| F|  |TAMS 0x0000000704200000, 0x0000000704200000| Untracked 
|  30|0x0000000704400000, 0x0000000704400000, 0x0000000704600000|  0%| F|  |TAMS 0x0000000704400000, 0x0000000704400000| Untracked 
|  31|0x0000000704600000, 0x0000000704600000, 0x0000000704800000|  0%| F|  |TAMS 0x0000000704600000, 0x0000000704600000| Untracked 
|  32|0x0000000704800000, 0x0000000704800000, 0x0000000704a00000|  0%| F|  |TAMS 0x0000000704800000, 0x0000000704800000| Untracked 
|  33|0x0000000704a00000, 0x0000000704a00000, 0x0000000704c00000|  0%| F|  |TAMS 0x0000000704a00000, 0x0000000704a00000| Untracked 
|  34|0x0000000704c00000, 0x0000000704c00000, 0x0000000704e00000|  0%| F|  |TAMS 0x0000000704c00000, 0x0000000704c00000| Untracked 
|  35|0x0000000704e00000, 0x0000000704e00000, 0x0000000705000000|  0%| F|  |TAMS 0x0000000704e00000, 0x0000000704e00000| Untracked 
|  36|0x0000000705000000, 0x0000000705000000, 0x0000000705200000|  0%| F|  |TAMS 0x0000000705000000, 0x0000000705000000| Untracked 
|  37|0x0000000705200000, 0x0000000705200000, 0x0000000705400000|  0%| F|  |TAMS 0x0000000705200000, 0x0000000705200000| Untracked 
|  38|0x0000000705400000, 0x0000000705400000, 0x0000000705600000|  0%| F|  |TAMS 0x0000000705400000, 0x0000000705400000| Untracked 
|  39|0x0000000705600000, 0x0000000705600000, 0x0000000705800000|  0%| F|  |TAMS 0x0000000705600000, 0x0000000705600000| Untracked 
|  40|0x0000000705800000, 0x0000000705800000, 0x0000000705a00000|  0%| F|  |TAMS 0x0000000705800000, 0x0000000705800000| Untracked 
|  41|0x0000000705a00000, 0x0000000705a00000, 0x0000000705c00000|  0%| F|  |TAMS 0x0000000705a00000, 0x0000000705a00000| Untracked 
|  42|0x0000000705c00000, 0x0000000705c00000, 0x0000000705e00000|  0%| F|  |TAMS 0x0000000705c00000, 0x0000000705c00000| Untracked 
|  43|0x0000000705e00000, 0x0000000705e00000, 0x0000000706000000|  0%| F|  |TAMS 0x0000000705e00000, 0x0000000705e00000| Untracked 
|  44|0x0000000706000000, 0x0000000706000000, 0x0000000706200000|  0%| F|  |TAMS 0x0000000706000000, 0x0000000706000000| Untracked 
|  45|0x0000000706200000, 0x0000000706200000, 0x0000000706400000|  0%| F|  |TAMS 0x0000000706200000, 0x0000000706200000| Untracked 
|  46|0x0000000706400000, 0x0000000706400000, 0x0000000706600000|  0%| F|  |TAMS 0x0000000706400000, 0x0000000706400000| Untracked 
|  47|0x0000000706600000, 0x0000000706600000, 0x0000000706800000|  0%| F|  |TAMS 0x0000000706600000, 0x0000000706600000| Untracked 
|  48|0x0000000706800000, 0x0000000706800000, 0x0000000706a00000|  0%| F|  |TAMS 0x0000000706800000, 0x0000000706800000| Untracked 
|  49|0x0000000706a00000, 0x0000000706a00000, 0x0000000706c00000|  0%| F|  |TAMS 0x0000000706a00000, 0x0000000706a00000| Untracked 
|  50|0x0000000706c00000, 0x0000000706c00000, 0x0000000706e00000|  0%| F|  |TAMS 0x0000000706c00000, 0x0000000706c00000| Untracked 
|  51|0x0000000706e00000, 0x0000000706e00000, 0x0000000707000000|  0%| F|  |TAMS 0x0000000706e00000, 0x0000000706e00000| Untracked 
|  52|0x0000000707000000, 0x0000000707000000, 0x0000000707200000|  0%| F|  |TAMS 0x0000000707000000, 0x0000000707000000| Untracked 
|  53|0x0000000707200000, 0x0000000707200000, 0x0000000707400000|  0%| F|  |TAMS 0x0000000707200000, 0x0000000707200000| Untracked 
|  54|0x0000000707400000, 0x0000000707400000, 0x0000000707600000|  0%| F|  |TAMS 0x0000000707400000, 0x0000000707400000| Untracked 
|  55|0x0000000707600000, 0x0000000707600000, 0x0000000707800000|  0%| F|  |TAMS 0x0000000707600000, 0x0000000707600000| Untracked 
|  56|0x0000000707800000, 0x0000000707800000, 0x0000000707a00000|  0%| F|  |TAMS 0x0000000707800000, 0x0000000707800000| Untracked 
|  57|0x0000000707a00000, 0x0000000707a00000, 0x0000000707c00000|  0%| F|  |TAMS 0x0000000707a00000, 0x0000000707a00000| Untracked 
|  58|0x0000000707c00000, 0x0000000707c00000, 0x0000000707e00000|  0%| F|  |TAMS 0x0000000707c00000, 0x0000000707c00000| Untracked 
|  59|0x0000000707e00000, 0x0000000707e00000, 0x0000000708000000|  0%| F|  |TAMS 0x0000000707e00000, 0x0000000707e00000| Untracked 
|  60|0x0000000708000000, 0x0000000708000000, 0x0000000708200000|  0%| F|  |TAMS 0x0000000708000000, 0x0000000708000000| Untracked 
|  61|0x0000000708200000, 0x0000000708200000, 0x0000000708400000|  0%| F|  |TAMS 0x0000000708200000, 0x0000000708200000| Untracked 
|  62|0x0000000708400000, 0x0000000708400000, 0x0000000708600000|  0%| F|  |TAMS 0x0000000708400000, 0x0000000708400000| Untracked 
|  63|0x0000000708600000, 0x0000000708600000, 0x0000000708800000|  0%| F|  |TAMS 0x0000000708600000, 0x0000000708600000| Untracked 
|  64|0x0000000708800000, 0x0000000708800000, 0x0000000708a00000|  0%| F|  |TAMS 0x0000000708800000, 0x0000000708800000| Untracked 
|  65|0x0000000708a00000, 0x0000000708a00000, 0x0000000708c00000|  0%| F|  |TAMS 0x0000000708a00000, 0x0000000708a00000| Untracked 
|  66|0x0000000708c00000, 0x0000000708c00000, 0x0000000708e00000|  0%| F|  |TAMS 0x0000000708c00000, 0x0000000708c00000| Untracked 
|  67|0x0000000708e00000, 0x0000000708e00000, 0x0000000709000000|  0%| F|  |TAMS 0x0000000708e00000, 0x0000000708e00000| Untracked 
|  68|0x0000000709000000, 0x0000000709000000, 0x0000000709200000|  0%| F|  |TAMS 0x0000000709000000, 0x0000000709000000| Untracked 
|  69|0x0000000709200000, 0x0000000709200000, 0x0000000709400000|  0%| F|  |TAMS 0x0000000709200000, 0x0000000709200000| Untracked 
|  70|0x0000000709400000, 0x0000000709400000, 0x0000000709600000|  0%| F|  |TAMS 0x0000000709400000, 0x0000000709400000| Untracked 
|  71|0x0000000709600000, 0x0000000709600000, 0x0000000709800000|  0%| F|  |TAMS 0x0000000709600000, 0x0000000709600000| Untracked 
|  72|0x0000000709800000, 0x0000000709800000, 0x0000000709a00000|  0%| F|  |TAMS 0x0000000709800000, 0x0000000709800000| Untracked 
|  73|0x0000000709a00000, 0x0000000709a00000, 0x0000000709c00000|  0%| F|  |TAMS 0x0000000709a00000, 0x0000000709a00000| Untracked 
|  74|0x0000000709c00000, 0x0000000709c00000, 0x0000000709e00000|  0%| F|  |TAMS 0x0000000709c00000, 0x0000000709c00000| Untracked 
|  75|0x0000000709e00000, 0x0000000709e00000, 0x000000070a000000|  0%| F|  |TAMS 0x0000000709e00000, 0x0000000709e00000| Untracked 
|  76|0x000000070a000000, 0x000000070a000000, 0x000000070a200000|  0%| F|  |TAMS 0x000000070a000000, 0x000000070a000000| Untracked 
|  77|0x000000070a200000, 0x000000070a200000, 0x000000070a400000|  0%| F|  |TAMS 0x000000070a200000, 0x000000070a200000| Untracked 
|  78|0x000000070a400000, 0x000000070a400000, 0x000000070a600000|  0%| F|  |TAMS 0x000000070a400000, 0x000000070a400000| Untracked 
|  79|0x000000070a600000, 0x000000070a600000, 0x000000070a800000|  0%| F|  |TAMS 0x000000070a600000, 0x000000070a600000| Untracked 
|  80|0x000000070a800000, 0x000000070a800000, 0x000000070aa00000|  0%| F|  |TAMS 0x000000070a800000, 0x000000070a800000| Untracked 
|  81|0x000000070aa00000, 0x000000070aa00000, 0x000000070ac00000|  0%| F|  |TAMS 0x000000070aa00000, 0x000000070aa00000| Untracked 
|  82|0x000000070ac00000, 0x000000070ac00000, 0x000000070ae00000|  0%| F|  |TAMS 0x000000070ac00000, 0x000000070ac00000| Untracked 
|  83|0x000000070ae00000, 0x000000070ae00000, 0x000000070b000000|  0%| F|  |TAMS 0x000000070ae00000, 0x000000070ae00000| Untracked 
|  84|0x000000070b000000, 0x000000070b000000, 0x000000070b200000|  0%| F|  |TAMS 0x000000070b000000, 0x000000070b000000| Untracked 
|  85|0x000000070b200000, 0x000000070b200000, 0x000000070b400000|  0%| F|  |TAMS 0x000000070b200000, 0x000000070b200000| Untracked 
|  86|0x000000070b400000, 0x000000070b400000, 0x000000070b600000|  0%| F|  |TAMS 0x000000070b400000, 0x000000070b400000| Untracked 
|  87|0x000000070b600000, 0x000000070b600000, 0x000000070b800000|  0%| F|  |TAMS 0x000000070b600000, 0x000000070b600000| Untracked 
|  88|0x000000070b800000, 0x000000070b800000, 0x000000070ba00000|  0%| F|  |TAMS 0x000000070b800000, 0x000000070b800000| Untracked 
|  89|0x000000070ba00000, 0x000000070ba00000, 0x000000070bc00000|  0%| F|  |TAMS 0x000000070ba00000, 0x000000070ba00000| Untracked 
|  90|0x000000070bc00000, 0x000000070bc00000, 0x000000070be00000|  0%| F|  |TAMS 0x000000070bc00000, 0x000000070bc00000| Untracked 
|  91|0x000000070be00000, 0x000000070be00000, 0x000000070c000000|  0%| F|  |TAMS 0x000000070be00000, 0x000000070be00000| Untracked 
|  92|0x000000070c000000, 0x000000070c000000, 0x000000070c200000|  0%| F|  |TAMS 0x000000070c000000, 0x000000070c000000| Untracked 
|  93|0x000000070c200000, 0x000000070c200000, 0x000000070c400000|  0%| F|  |TAMS 0x000000070c200000, 0x000000070c200000| Untracked 
|  94|0x000000070c400000, 0x000000070c400000, 0x000000070c600000|  0%| F|  |TAMS 0x000000070c400000, 0x000000070c400000| Untracked 
|  95|0x000000070c600000, 0x000000070c600000, 0x000000070c800000|  0%| F|  |TAMS 0x000000070c600000, 0x000000070c600000| Untracked 
|  96|0x000000070c800000, 0x000000070c800000, 0x000000070ca00000|  0%| F|  |TAMS 0x000000070c800000, 0x000000070c800000| Untracked 
|  97|0x000000070ca00000, 0x000000070ca00000, 0x000000070cc00000|  0%| F|  |TAMS 0x000000070ca00000, 0x000000070ca00000| Untracked 
|  98|0x000000070cc00000, 0x000000070cc00000, 0x000000070ce00000|  0%| F|  |TAMS 0x000000070cc00000, 0x000000070cc00000| Untracked 
|  99|0x000000070ce00000, 0x000000070ce00000, 0x000000070d000000|  0%| F|  |TAMS 0x000000070ce00000, 0x000000070ce00000| Untracked 
| 100|0x000000070d000000, 0x000000070d000000, 0x000000070d200000|  0%| F|  |TAMS 0x000000070d000000, 0x000000070d000000| Untracked 
| 101|0x000000070d200000, 0x000000070d200000, 0x000000070d400000|  0%| F|  |TAMS 0x000000070d200000, 0x000000070d200000| Untracked 
| 102|0x000000070d400000, 0x000000070d400000, 0x000000070d600000|  0%| F|  |TAMS 0x000000070d400000, 0x000000070d400000| Untracked 
| 103|0x000000070d600000, 0x000000070d600000, 0x000000070d800000|  0%| F|  |TAMS 0x000000070d600000, 0x000000070d600000| Untracked 
| 104|0x000000070d800000, 0x000000070d800000, 0x000000070da00000|  0%| F|  |TAMS 0x000000070d800000, 0x000000070d800000| Untracked 
| 105|0x000000070da00000, 0x000000070da00000, 0x000000070dc00000|  0%| F|  |TAMS 0x000000070da00000, 0x000000070da00000| Untracked 
| 106|0x000000070dc00000, 0x000000070dc00000, 0x000000070de00000|  0%| F|  |TAMS 0x000000070dc00000, 0x000000070dc00000| Untracked 
| 107|0x000000070de00000, 0x000000070de00000, 0x000000070e000000|  0%| F|  |TAMS 0x000000070de00000, 0x000000070de00000| Untracked 
| 108|0x000000070e000000, 0x000000070e000000, 0x000000070e200000|  0%| F|  |TAMS 0x000000070e000000, 0x000000070e000000| Untracked 
| 109|0x000000070e200000, 0x000000070e200000, 0x000000070e400000|  0%| F|  |TAMS 0x000000070e200000, 0x000000070e200000| Untracked 
| 110|0x000000070e400000, 0x000000070e400000, 0x000000070e600000|  0%| F|  |TAMS 0x000000070e400000, 0x000000070e400000| Untracked 
| 111|0x000000070e600000, 0x000000070e600000, 0x000000070e800000|  0%| F|  |TAMS 0x000000070e600000, 0x000000070e600000| Untracked 
| 112|0x000000070e800000, 0x000000070e800000, 0x000000070ea00000|  0%| F|  |TAMS 0x000000070e800000, 0x000000070e800000| Untracked 
| 113|0x000000070ea00000, 0x000000070ea00000, 0x000000070ec00000|  0%| F|  |TAMS 0x000000070ea00000, 0x000000070ea00000| Untracked 
| 114|0x000000070ec00000, 0x000000070ec00000, 0x000000070ee00000|  0%| F|  |TAMS 0x000000070ec00000, 0x000000070ec00000| Untracked 
| 115|0x000000070ee00000, 0x000000070ee00000, 0x000000070f000000|  0%| F|  |TAMS 0x000000070ee00000, 0x000000070ee00000| Untracked 
| 116|0x000000070f000000, 0x000000070f000000, 0x000000070f200000|  0%| F|  |TAMS 0x000000070f000000, 0x000000070f000000| Untracked 
| 117|0x000000070f200000, 0x000000070f200000, 0x000000070f400000|  0%| F|  |TAMS 0x000000070f200000, 0x000000070f200000| Untracked 
| 118|0x000000070f400000, 0x000000070f400000, 0x000000070f600000|  0%| F|  |TAMS 0x000000070f400000, 0x000000070f400000| Untracked 
| 119|0x000000070f600000, 0x000000070f600000, 0x000000070f800000|  0%| F|  |TAMS 0x000000070f600000, 0x000000070f600000| Untracked 
| 120|0x000000070f800000, 0x000000070f800000, 0x000000070fa00000|  0%| F|  |TAMS 0x000000070f800000, 0x000000070f800000| Untracked 
| 121|0x000000070fa00000, 0x000000070fa00000, 0x000000070fc00000|  0%| F|  |TAMS 0x000000070fa00000, 0x000000070fa00000| Untracked 
| 122|0x000000070fc00000, 0x000000070fc00000, 0x000000070fe00000|  0%| F|  |TAMS 0x000000070fc00000, 0x000000070fc00000| Untracked 
| 123|0x000000070fe00000, 0x000000070fe00000, 0x0000000710000000|  0%| F|  |TAMS 0x000000070fe00000, 0x000000070fe00000| Untracked 
| 124|0x0000000710000000, 0x00000007101527b0, 0x0000000710200000| 66%| E|  |TAMS 0x0000000710000000, 0x0000000710000000| Complete 
| 125|0x0000000710200000, 0x0000000710400000, 0x0000000710400000|100%| E|CS|TAMS 0x0000000710200000, 0x0000000710200000| Complete 
| 126|0x0000000710400000, 0x0000000710600000, 0x0000000710600000|100%| E|CS|TAMS 0x0000000710400000, 0x0000000710400000| Complete 
| 127|0x0000000710600000, 0x0000000710800000, 0x0000000710800000|100%| E|CS|TAMS 0x0000000710600000, 0x0000000710600000| Complete 

Card table byte_map: [0x000001d8fab20000,0x000001d8fb320000] _byte_map_base: 0x000001d8f731c000

Marking Bits (Prev, Next): (CMBitMap*) 0x000001d8e35778e0, (CMBitMap*) 0x000001d8e3577920
 Prev Bits: [0x000001d8fbb20000, 0x000001d8ffb00000)
 Next Bits: [0x000001d880000000, 0x000001d883fe0000)

Polling page: 0x000001d8e14c0000

Metaspace:

Usage:
  Non-class:      3.74 MB used.
      Class:    486.03 KB used.
       Both:      4.22 MB used.

Virtual space:
  Non-class space:        8.00 MB reserved,       3.81 MB ( 48%) committed,  1 nodes.
      Class space:        1.00 GB reserved,     512.00 KB ( <1%) committed,  1 nodes.
             Both:        1.01 GB reserved,       4.31 MB ( <1%) committed. 

Chunk freelists:
   Non-Class:  3.88 MB
       Class:  3.25 MB
        Both:  7.13 MB

MaxMetaspaceSize: unlimited
CompressedClassSpaceSize: 1.00 GB
Initial GC threshold: 21.00 MB
Current GC threshold: 21.00 MB
CDS: on
MetaspaceReclaimPolicy: balanced
 - commit_granule_bytes: 65536.
 - commit_granule_words: 8192.
 - virtual_space_node_default_size: 1048576.
 - enlarge_chunks_in_place: 1.
 - new_chunks_are_fully_committed: 0.
 - uncommit_free_chunks: 1.
 - use_allocation_guard: 0.
 - handle_deallocations: 1.


Internal statistics:

num_allocs_failed_limit: 0.
num_arena_births: 88.
num_arena_deaths: 0.
num_vsnodes_births: 2.
num_vsnodes_deaths: 0.
num_space_committed: 69.
num_space_uncommitted: 0.
num_chunks_returned_to_freelist: 0.
num_chunks_taken_from_freelist: 110.
num_chunk_merges: 0.
num_chunk_splits: 71.
num_chunks_enlarged: 37.
num_purges: 0.
num_inconsistent_stats: 0.

CodeHeap 'non-profiled nmethods': size=120000Kb used=149Kb max_used=149Kb free=119850Kb
 bounds [0x000001d8f2ac0000, 0x000001d8f2d30000, 0x000001d8f9ff0000]
CodeHeap 'profiled nmethods': size=120000Kb used=753Kb max_used=753Kb free=119246Kb
 bounds [0x000001d8eb590000, 0x000001d8eb800000, 0x000001d8f2ac0000]
CodeHeap 'non-nmethods': size=5760Kb used=1186Kb max_used=1202Kb free=4574Kb
 bounds [0x000001d8eaff0000, 0x000001d8eb260000, 0x000001d8eb590000]
 total_blobs=1003 nmethods=516 adapters=400
 compilation: enabled
              stopped_count=0, restarted_count=0
 full_count=0

Compilation events (20 events):
Event: 0.602 Thread 0x000001d8866154a0 nmethod 502 0x000001d8f2ae3b90 code [0x000001d8f2ae3d00, 0x000001d8f2ae3d78]
Event: 0.602 Thread 0x000001d8866154a0  506       4       java.nio.DirectByteBuffer::ix (10 bytes)
Event: 0.602 Thread 0x000001d886618210 nmethod 505 0x000001d8eb647810 code [0x000001d8eb6479c0, 0x000001d8eb647c38]
Event: 0.602 Thread 0x000001d886618210  507       1       jdk.internal.jimage.ImageHeader::getTableLength (5 bytes)
Event: 0.602 Thread 0x000001d886618210 nmethod 507 0x000001d8f2ae3e90 code [0x000001d8f2ae4020, 0x000001d8f2ae40f8]
Event: 0.602 Thread 0x000001d8866154a0 nmethod 506 0x000001d8f2ae4190 code [0x000001d8f2ae4300, 0x000001d8f2ae4378]
Event: 0.603 Thread 0x000001d886618210  508   !   3       sun.awt.AppContext::get (123 bytes)
Event: 0.603 Thread 0x000001d886618210 nmethod 508 0x000001d8eb647d90 code [0x000001d8eb647fa0, 0x000001d8eb648a68]
Event: 0.604 Thread 0x000001d886618210  509       1       java.beans.PropertyChangeEvent::getPropertyName (5 bytes)
Event: 0.604 Thread 0x000001d886618210 nmethod 509 0x000001d8f2ae4490 code [0x000001d8f2ae4620, 0x000001d8f2ae46f8]
Event: 0.605 Thread 0x000001d886618210  510       3       java.lang.StringConcatHelper::mix (27 bytes)
Event: 0.605 Thread 0x000001d8866154a0  512       4       java.lang.StringLatin1::replace (198 bytes)
Event: 0.605 Thread 0x000001d886618210 nmethod 510 0x000001d8eb648e10 code [0x000001d8eb648fe0, 0x000001d8eb649408]
Event: 0.605 Thread 0x000001d886618210  511       3       java.lang.StringLatin1::indexOf (121 bytes)
Event: 0.605 Thread 0x000001d886618210 nmethod 511 0x000001d8eb649610 code [0x000001d8eb6497e0, 0x000001d8eb649cd8]
Event: 0.606 Thread 0x000001d886618210  513  s    3       java.util.Hashtable::get (69 bytes)
Event: 0.606 Thread 0x000001d886618210 nmethod 513 0x000001d8eb649f10 code [0x000001d8eb64a0e0, 0x000001d8eb64a638]
Event: 0.607 Thread 0x000001d886618210  514       1       java.awt.Component::getObjectLock (5 bytes)
Event: 0.607 Thread 0x000001d886618210 nmethod 514 0x000001d8f2ae4790 code [0x000001d8f2ae4920, 0x000001d8f2ae49f8]
Event: 0.608 Thread 0x000001d886618210  515   !   3       javax.swing.UIDefaults::getFromHashtable (239 bytes)

GC Heap History (0 events):
No events

Deoptimization events (2 events):
Event: 0.583 Thread 0x000001d887144df0 DEOPT PACKING pc=0x000001d8eb5a9d67 sp=0x000000bcd41fd350
Event: 0.583 Thread 0x000001d887144df0 DEOPT UNPACKING pc=0x000001d8eb042b43 sp=0x000000bcd41fc770 mode 0

Classes unloaded (0 events):
No events

Classes redefined (0 events):
No events

Internal exceptions (10 events):
Event: 0.106 Thread 0x000001d8e350b130 Exception <a 'java/lang/ClassNotFoundException'{0x00000007105c4298}: sun/awt/resources/spi/awtProvider> (0x00000007105c4298) 
thrown [s\src\hotspot\share\classfile\systemDictionary.cpp, line 256]
Event: 0.130 Thread 0x000001d8e350b130 Exception <a 'java/io/FileNotFoundException'{0x000000071021d640}> (0x000000071021d640) 
thrown [s\src\hotspot\share\prims\jni.cpp, line 516]
Event: 0.137 Thread 0x000001d8e350b130 Exception <a 'java/io/FileNotFoundException'{0x000000071024a618}> (0x000000071024a618) 
thrown [s\src\hotspot\share\prims\jni.cpp, line 516]
Event: 0.166 Thread 0x000001d8e350b130 Exception <a 'java/lang/NoSuchMethodError'{0x0000000710280eb8}: 'java.lang.Object java.lang.invoke.DirectMethodHandle$Holder.invokeStaticInit(java.lang.Object)'> (0x0000000710280eb8) 
thrown [s\src\hotspot\share\interpreter\linkResolver.cpp, line 759]
Event: 0.553 Thread 0x000001d887144df0 Exception <a 'java/lang/NoSuchMethodError'{0x00000007103a1428}: 'void java.lang.invoke.DirectMethodHandle$Holder.invokeSpecial(java.lang.Object, java.lang.Object, java.lang.Object)'> (0x00000007103a1428) 
thrown [s\src\hotspot\share\interpreter\linkResolver.cpp, line 759]
Event: 0.560 Thread 0x000001d887144df0 Exception <a 'java/lang/NoSuchMethodError'{0x0000000710008850}: 'java.lang.Object java.lang.invoke.DirectMethodHandle$Holder.newInvokeSpecial(java.lang.Object, java.lang.Object, java.lang.Object, java.lang.Object, java.lang.Object)'> (0x0000000710008850) 
thrown [s\src\hotspot\share\interpreter\linkResolver.cpp, line 759]
Event: 0.562 Thread 0x000001d887144df0 Exception <a 'java/lang/NoSuchMethodError'{0x0000000710014218}: 'java.lang.Object java.lang.invoke.DirectMethodHandle$Holder.invokeStatic(java.lang.Object, int, java.lang.Object, java.lang.Object, java.lang.Object, java.lang.Object)'> (0x0000000710014218) 
thrown [s\src\hotspot\share\interpreter\linkResolver.cpp, line 759]
Event: 0.567 Thread 0x000001d887144df0 Exception <a 'java/lang/NoSuchMethodError'{0x0000000710039a48}: 'java.lang.Object java.lang.invoke.DirectMethodHandle$Holder.invokeStatic(java.lang.Object, int, java.lang.Object)'> (0x0000000710039a48) 
thrown [s\src\hotspot\share\interpreter\linkResolver.cpp, line 759]
Event: 0.594 Thread 0x000001d887144df0 Exception <a 'java/lang/ClassNotFoundException'{0x00000007100f1a18}: com/sun/swing/internal/plaf/metal/resources/spi/metalProvider> (0x00000007100f1a18) 
thrown [s\src\hotspot\share\classfile\systemDictionary.cpp, line 256]
Event: 0.594 Thread 0x000001d887144df0 Exception <a 'java/lang/ClassNotFoundException'{0x00000007100f6420}: com/sun/swing/internal/plaf/basic/resources/spi/basicProvider> (0x00000007100f6420) 
thrown [s\src\hotspot\share\classfile\systemDictionary.cpp, line 256]

VM Operations (4 events):
Event: 0.066 Executing VM operation: HandshakeAllThreads
Event: 0.066 Executing VM operation: HandshakeAllThreads done
Event: 0.607 Executing VM operation: HandshakeAllThreads
Event: 0.607 Executing VM operation: HandshakeAllThreads done

Events (20 events):
Event: 0.605 loading class java/awt/event/HierarchyBoundsListener
Event: 0.605 loading class java/awt/event/HierarchyBoundsListener done
Event: 0.605 loading class java/awt/event/MouseWheelListener
Event: 0.605 loading class java/awt/event/MouseWheelListener done
Event: 0.605 loading class java/awt/AWTEventMulticaster done
Event: 0.605 loading class java/awt/event/MouseAdapter
Event: 0.605 loading class java/awt/event/MouseAdapter done
Event: 0.606 loading class javax/swing/plaf/metal/MetalLabelUI
Event: 0.606 loading class javax/swing/plaf/basic/BasicLabelUI
Event: 0.606 loading class javax/swing/plaf/LabelUI
Event: 0.606 loading class javax/swing/plaf/LabelUI done
Event: 0.606 loading class javax/swing/plaf/basic/BasicLabelUI done
Event: 0.606 loading class javax/swing/plaf/metal/MetalLabelUI done
Event: 0.606 loading class javax/swing/plaf/metal/DefaultMetalTheme$FontDelegate$1
Event: 0.606 loading class javax/swing/plaf/metal/DefaultMetalTheme$FontDelegate$1 done
Event: 0.606 loading class javax/swing/plaf/basic/BasicHTML
Event: 0.606 loading class javax/swing/plaf/basic/BasicHTML done
Event: 0.607 loading class java/awt/Graphics
Event: 0.607 loading class java/awt/Graphics done
Event: 0.608 loading class javax/swing/ImageIcon


Dynamic libraries:
0x00007ff7d7160000 - 0x00007ff7d716e000 	C:\Users\Desktop\AppData\Local\Programs\Eclipse Adoptium\jdk-17.0.4.101-hotspot\bin\java.exe
0x00007ffb6e490000 - 0x00007ffb6e688000 	C:\WINDOWS\SYSTEM32\ntdll.dll
0x00007ffb409a0000 - 0x00007ffb409b9000 	C:\Program Files\AVAST Software\Avast\aswhook.dll
0x00007ffb6d500000 - 0x00007ffb6d5bf000 	C:\WINDOWS\System32\KERNEL32.DLL
0x00007ffb6c0c0000 - 0x00007ffb6c3b6000 	C:\WINDOWS\System32\KERNELBASE.dll
0x00007ffb6c3f0000 - 0x00007ffb6c4f0000 	C:\WINDOWS\System32\ucrtbase.dll
0x00007ffb5ba10000 - 0x00007ffb5ba29000 	C:\Users\Desktop\AppData\Local\Programs\Eclipse Adoptium\jdk-17.0.4.101-hotspot\bin\VCRUNTIME140.dll
0x00007ffb5b9f0000 - 0x00007ffb5ba08000 	C:\Users\Desktop\AppData\Local\Programs\Eclipse Adoptium\jdk-17.0.4.101-hotspot\bin\jli.dll
0x00007ffb6d0e0000 - 0x00007ffb6d27d000 	C:\WINDOWS\System32\USER32.dll
0x00007ffb5d290000 - 0x00007ffb5d52a000 	C:\WINDOWS\WinSxS\amd64_microsoft.windows.common-controls_6595b64144ccf1df_6.0.19041.1110_none_60b5254171f9507e\COMCTL32.dll
0x00007ffb6bb70000 - 0x00007ffb6bb92000 	C:\WINDOWS\System32\win32u.dll
0x00007ffb6cfb0000 - 0x00007ffb6d04e000 	C:\WINDOWS\System32\msvcrt.dll
0x00007ffb6c6e0000 - 0x00007ffb6c70c000 	C:\WINDOWS\System32\GDI32.dll
0x00007ffb6bbf0000 - 0x00007ffb6bd05000 	C:\WINDOWS\System32\gdi32full.dll
0x00007ffb6bd80000 - 0x00007ffb6be1d000 	C:\WINDOWS\System32\msvcp_win.dll
0x00007ffb6e420000 - 0x00007ffb6e450000 	C:\WINDOWS\System32\IMM32.DLL
0x00007ffb67750000 - 0x00007ffb6775c000 	C:\Users\Desktop\AppData\Local\Programs\Eclipse Adoptium\jdk-17.0.4.101-hotspot\bin\vcruntime140_1.dll
0x00007ffb4fec0000 - 0x00007ffb4ff51000 	C:\Users\Desktop\AppData\Local\Programs\Eclipse Adoptium\jdk-17.0.4.101-hotspot\bin\msvcp140.dll
0x00007ffaf81e0000 - 0x00007ffaf8e26000 	C:\Users\Desktop\AppData\Local\Programs\Eclipse Adoptium\jdk-17.0.4.101-hotspot\bin\server\jvm.dll
0x00007ffb6e150000 - 0x00007ffb6e1ff000 	C:\WINDOWS\System32\ADVAPI32.dll
0x00007ffb6d820000 - 0x00007ffb6d8bc000 	C:\WINDOWS\System32\sechost.dll
0x00007ffb6c4f0000 - 0x00007ffb6c616000 	C:\WINDOWS\System32\RPCRT4.dll
0x00007ffb6d410000 - 0x00007ffb6d418000 	C:\WINDOWS\System32\PSAPI.DLL
0x00007ffb4fc00000 - 0x00007ffb4fc09000 	C:\WINDOWS\SYSTEM32\WSOCK32.dll
0x00007ffb5fe80000 - 0x00007ffb5fea7000 	C:\WINDOWS\SYSTEM32\WINMM.dll
0x00007ffb65ce0000 - 0x00007ffb65cea000 	C:\WINDOWS\SYSTEM32\VERSION.dll
0x00007ffb6d280000 - 0x00007ffb6d2eb000 	C:\WINDOWS\System32\WS2_32.dll
0x00007ffb6a3d0000 - 0x00007ffb6a3e2000 	C:\WINDOWS\SYSTEM32\kernel.appcore.dll
0x00007ffb4fda0000 - 0x00007ffb4fdaa000 	C:\Users\Desktop\AppData\Local\Programs\Eclipse Adoptium\jdk-17.0.4.101-hotspot\bin\jimage.dll
0x00007ffb69170000 - 0x00007ffb69354000 	C:\WINDOWS\SYSTEM32\DBGHELP.DLL
0x00007ffb60df0000 - 0x00007ffb60e24000 	C:\WINDOWS\SYSTEM32\dbgcore.DLL
0x00007ffb6be20000 - 0x00007ffb6bea2000 	C:\WINDOWS\System32\bcryptPrimitives.dll
0x00007ffb469d0000 - 0x00007ffb469f5000 	C:\Users\Desktop\AppData\Local\Programs\Eclipse Adoptium\jdk-17.0.4.101-hotspot\bin\java.dll
0x00007ffb3c730000 - 0x00007ffb3c806000 	C:\Users\Desktop\AppData\Local\Programs\Eclipse Adoptium\jdk-17.0.4.101-hotspot\bin\jsvml.dll
0x00007ffb6d9a0000 - 0x00007ffb6e0e4000 	C:\WINDOWS\System32\SHELL32.dll
0x00007ffb69c20000 - 0x00007ffb6a3b3000 	C:\WINDOWS\SYSTEM32\windows.storage.dll
0x00007ffb6c7e0000 - 0x00007ffb6cb34000 	C:\WINDOWS\System32\combase.dll
0x00007ffb6b5c0000 - 0x00007ffb6b5ee000 	C:\WINDOWS\SYSTEM32\Wldp.dll
0x00007ffb6d5c0000 - 0x00007ffb6d66d000 	C:\WINDOWS\System32\SHCORE.dll
0x00007ffb6e0f0000 - 0x00007ffb6e145000 	C:\WINDOWS\System32\shlwapi.dll
0x00007ffb6bab0000 - 0x00007ffb6bacf000 	C:\WINDOWS\SYSTEM32\profapi.dll
0x00007ffb4f3c0000 - 0x00007ffb4f3d9000 	C:\Users\Desktop\AppData\Local\Programs\Eclipse Adoptium\jdk-17.0.4.101-hotspot\bin\net.dll
0x00007ffb642f0000 - 0x00007ffb643fa000 	C:\WINDOWS\SYSTEM32\WINHTTP.dll
0x00007ffb6b320000 - 0x00007ffb6b38a000 	C:\WINDOWS\system32\mswsock.dll
0x00007ffb4cd90000 - 0x00007ffb4cda5000 	C:\Users\Desktop\AppData\Local\Programs\Eclipse Adoptium\jdk-17.0.4.101-hotspot\bin\nio.dll
0x00007ffb4b9a0000 - 0x00007ffb4b9b8000 	C:\Users\Desktop\AppData\Local\Programs\Eclipse Adoptium\jdk-17.0.4.101-hotspot\bin\zip.dll
0x00007ffb2ab50000 - 0x00007ffb2acde000 	C:\Users\Desktop\AppData\Local\Programs\Eclipse Adoptium\jdk-17.0.4.101-hotspot\bin\awt.dll
0x00007ffb6c710000 - 0x00007ffb6c7dd000 	C:\WINDOWS\System32\OLEAUT32.dll
0x00007ffb69380000 - 0x00007ffb69411000 	C:\WINDOWS\SYSTEM32\apphelp.dll
0x00007ffb69570000 - 0x00007ffb6960e000 	C:\WINDOWS\system32\uxtheme.dll
0x00007ffb6d2f0000 - 0x00007ffb6d404000 	C:\WINDOWS\System32\MSCTF.dll
0x00007ffb6e260000 - 0x00007ffb6e38a000 	C:\WINDOWS\System32\ole32.dll
0x00007ffb69750000 - 0x00007ffb6977f000 	C:\WINDOWS\system32\DWMAPI.DLL
0x00007ffb365c0000 - 0x00007ffb366e5000 	C:\WINDOWS\system32\opengl32.dll
0x00007ffb36490000 - 0x00007ffb364bc000 	C:\WINDOWS\SYSTEM32\GLU32.dll
0x00007ffb6b750000 - 0x00007ffb6b762000 	C:\WINDOWS\SYSTEM32\msasn1.dll
0x00007ffb634b0000 - 0x00007ffb634e1000 	C:\WINDOWS\SYSTEM32\cryptnet.dll
0x00007ffb6beb0000 - 0x00007ffb6c00e000 	C:\WINDOWS\System32\CRYPT32.dll
0x00007ffb6b530000 - 0x00007ffb6b53c000 	C:\WINDOWS\SYSTEM32\cryptbase.dll
0x00007ffb6bd10000 - 0x00007ffb6bd77000 	C:\WINDOWS\System32\wintrust.dll
0x00007ffb6d4e0000 - 0x00007ffb6d4fd000 	C:\WINDOWS\System32\imagehlp.dll
0x00007ffb6b510000 - 0x00007ffb6b528000 	C:\WINDOWS\SYSTEM32\CRYPTSP.dll
0x00007ffb6abd0000 - 0x00007ffb6ac04000 	C:\WINDOWS\system32\rsaenh.dll
0x00007ffb6c3c0000 - 0x00007ffb6c3e7000 	C:\WINDOWS\System32\bcrypt.dll
0x00007ffb616e0000 - 0x00007ffb6171b000 	C:\WINDOWS\SYSTEM32\dxcore.dll
0x00007ffb6bba0000 - 0x00007ffb6bbee000 	C:\WINDOWS\System32\cfgmgr32.dll

dbghelp: loaded successfully - version: 4.0.5 - missing functions: none
symbol engine: initialized successfully - sym options: 0x614 - pdb path: .;C:\Users\Desktop\AppData\Local\Programs\Eclipse Adoptium\jdk-17.0.4.101-hotspot\bin;C:\WINDOWS\SYSTEM32;C:\Program Files\AVAST Software\Avast;C:\WINDOWS\WinSxS\amd64_microsoft.windows.common-controls_6595b64144ccf1df_6.0.19041.1110_none_60b5254171f9507e;C:\Users\Desktop\AppData\Local\Programs\Eclipse Adoptium\jdk-17.0.4.101-hotspot\bin\server

VM Arguments:
jvm_args: -XX:+ShowCodeDetailsInExceptionMessages 
java_command: main.java.br.com.alura.hotel.views.Login
java_class_path (initial): C:\Users\Desktop\AppData\Roaming\Code\User\workspaceStorage\a33f44b653289dbf645985558d775b4d\redhat.java\jdt_ws\one-t5-hotel_6b5ae5ee\bin;e:\_Dev\one-t5-hotel\lib\javax.activation-api-1.2.0.jar;e:\_Dev\one-t5-hotel\lib\jaxb-api-2.3.1.jar;e:\_Dev\one-t5-hotel\lib\KGradientPanel.jar;e:\_Dev\one-t5-hotel\lib\mchange-commons-java-0.2.19.jar;e:\_Dev\one-t5-hotel\lib\c3p0-0.9.5.5.jar;e:\_Dev\one-t5-hotel\lib\javax.persistence-api-2.2.jar;e:\_Dev\one-t5-hotel\lib\stax-ex-1.8.jar;e:\_Dev\one-t5-hotel\lib\mysql-connector-java-8.0.17.jar;e:\_Dev\one-t5-hotel\lib\dom4j-2.1.3.jar;e:\_Dev\one-t5-hotel\lib\h2-1.4.200.jar;e:\_Dev\one-t5-hotel\lib\jandex-2.1.3.Final.jar;e:\_Dev\one-t5-hotel\lib\byte-buddy-1.10.17.jar;e:\_Dev\one-t5-hotel\lib\classmate-1.5.1.jar;e:\_Dev\one-t5-hotel\lib\hibernate-entitymanager-5.4.27.Final.jar;e:\_Dev\one-t5-hotel\lib\istack-commons-runtime-3.0.7.jar;e:\_Dev\one-t5-hotel\lib\txw2-2.3.1.jar;e:\_Dev\one-t5-hotel\lib\jboss-transaction-api_1.2_spec-1.1.1.Final.jar;e:\_Dev\one-t5-hotel\lib\jcalendar-1.4.jar;e:\_Dev\one-t5-hotel\lib\hibernate-commons-annotations-5.1.2.Final.jar;e:\_Dev\one-t5-hotel\lib\hibernate-core-5.4.27.Final.jar;e:\_Dev\one-t5-hotel\lib\FastInfoset-1.2.15.jar;e:\_Dev\one-t5-hotel\lib\javassist-3.27.0-GA.jar;e:\_Dev\one-t5-hotel\lib\jaxb-runtime-2.3.1.jar;e:\_Dev\one-t5-hotel\lib\antlr-2.7.7.jar;e:\_Dev\one-t5-hotel\lib\jboss-logging-3.4.1.Final.jar
Launcher Type: SUN_STANDARD

[Global flags]
     intx CICompilerCount                          = 4                                         {product} {ergonomic}
     uint ConcGCThreads                            = 2                                         {product} {ergonomic}
     uint G1ConcRefinementThreads                  = 8                                         {product} {ergonomic}
   size_t G1HeapRegionSize                         = 2097152                                   {product} {ergonomic}
    uintx GCDrainStackTargetSize                   = 64                                        {product} {ergonomic}
   size_t InitialHeapSize                          = 268435456                                 {product} {ergonomic}
   size_t MarkStackSize                            = 4194304                                   {product} {ergonomic}
   size_t MaxHeapSize                              = 4286578688                                {product} {ergonomic}
   size_t MaxNewSize                               = 2571108352                                {product} {ergonomic}
   size_t MinHeapDeltaBytes                        = 2097152                                   {product} {ergonomic}
   size_t MinHeapSize                              = 8388608                                   {product} {ergonomic}
    uintx NonNMethodCodeHeapSize                   = 5839372                                {pd product} {ergonomic}
    uintx NonProfiledCodeHeapSize                  = 122909434                              {pd product} {ergonomic}
    uintx ProfiledCodeHeapSize                     = 122909434                              {pd product} {ergonomic}
    uintx ReservedCodeCacheSize                    = 251658240                              {pd product} {ergonomic}
     bool SegmentedCodeCache                       = true                                      {product} {ergonomic}
     bool ShowCodeDetailsInExceptionMessages       = true                                   {manageable} {command line}
   size_t SoftMaxHeapSize                          = 4286578688                             {manageable} {ergonomic}
     bool UseCompressedClassPointers               = true                           {product lp64_product} {ergonomic}
     bool UseCompressedOops                        = true                           {product lp64_product} {ergonomic}
     bool UseG1GC                                  = true                                      {product} {ergonomic}
     bool UseLargePagesIndividualAllocation        = false                                  {pd product} {ergonomic}

Logging:
Log output configuration:
 #0: stdout all=warning uptime,level,tags
 #1: stderr all=off uptime,level,tags

Environment Variables:
JAVA_HOME=C:\Users\Desktop\AppData\Local\Programs\Eclipse Adoptium\jdk-17.0.4.101-hotspot\
PATH=C:\Python311\Scripts\;C:\Python311\;C:\Program Files (x86)\Common Files\Intel\Shared Libraries\redist\intel64_win\compiler;C:\Program Files (x86)\Common Files\Intel\Shared Libraries\redist\ia32_win\compiler;C:\Program Files (x86)\Razer Chroma SDK\bin;C:\Program Files\Razer Chroma SDK\bin;C:\Program Files (x86)\Razer\ChromaBroadcast\bin;C:\Program Files\Razer\ChromaBroadcast\bin;C:\Program Files (x86)\Intel\iCLS Client\;C:\Program Files\Intel\iCLS Client\;C:\Windows\system32;C:\Windows;C:\Windows\System32\Wbem;C:\Windows\System32\WindowsPowerShell\v1.0\;C:\Program Files (x86)\Intel\Intel(R) Management Engine Components\DAL;C:\Program Files\Intel\Intel(R) Management Engine Components\DAL;C:\Program Files (x86)\Intel\Intel(R) Management Engine Components\IPT;C:\Program Files\Intel\Intel(R) Management Engine Components\IPT;C:\Program Files (x86)\NVIDIA Corporation\PhysX\Common;C:\WINDOWS\system32;C:\WINDOWS;C:\WINDOWS\System32\Wbem;C:\WINDOWS\System32\WindowsPowerShell\v1.0\;C:\WINDOWS\System32\OpenSSH\;C:\Program Files (x86)\QuickTime\QTSystem\;C:\Program Files\NVIDIA Corporation\NVIDIA NvDLISR;C:\WINDOWS\system32;C:\WINDOWS;C:\WINDOWS\System32\Wbem;C:\WINDOWS\System32\WindowsPowerShell\v1.0\;C:\WINDOWS\System32\OpenSSH\;C:\WINDOWS\system32\config\systemprofile\AppData\Local\Microsoft\WindowsApps;C:\Program Files\Git\cmd;C:\Program Files\nodejs\;C:\ProgramData\chocolatey\bin;C:\Program Files\MySQL\MySQL Shell 8.0\bin\;C:\Users\Desktop\AppData\Local\Programs\Eclipse Adoptium\jdk-17.0.4.101-hotspot\bin;C:\Users\Desktop\AppData\Local\Microsoft\WindowsApps;C:\Users\Desktop\AppData\Local\Programs\Microsoft VS Code\bin;C:\Users\Desktop\AppData\Local\GitHubDesktop\bin;C:\Users\Desktop\AppData\Roaming\npm
USERNAME=Desktop
LANG=en_US.UTF-8
OS=Windows_NT
PROCESSOR_IDENTIFIER=Intel64 Family 6 Model 158 Stepping 9, GenuineIntel
TMP=C:\Users\Desktop\AppData\Local\Temp
TEMP=C:\Users\Desktop\AppData\Local\Temp



---------------  S Y S T E M  ---------------

OS:
 Windows 10 , 64 bit Build 19041 (10.0.19041.3031)
OS uptime: 0 days 14:25 hours

CPU: total 8 (initial active 8) (4 cores per cpu, 2 threads per core) family 6 model 158 stepping 9 microcode 0xb4, cx8, cmov, fxsr, ht, mmx, 3dnowpref, sse, sse2, sse3, ssse3, sse4.1, sse4.2, popcnt, lzcnt, tsc, tscinvbit, avx, avx2, aes, erms, clmul, bmi1, bmi2, rtm, adx, fma, vzeroupper, clflush, clflushopt

Memory: 4k page, system-wide physical 16344M (3782M free)
TotalPageFile size 21464M (AvailPageFile size 2M)
current process WorkingSet (physical memory assigned to process): 50M, peak: 50M
current process commit charge ("private bytes"): 352M, peak: 358M

vm_info: OpenJDK 64-Bit Server VM (17.0.4.1+1) for windows-amd64 JRE (17.0.4.1+1), built on Aug 17 2022 07:42:43 by "temurin" with MS VC++ 16.7 (VS2019)

END.
