#
# There is insufficient memory for the Java Runtime Environment to continue.
# Native memory allocation (mmap) failed to map 65536 bytes for Failed to commit metaspace.
# Possible reasons:
#   The system is out of physical RAM or swap space
#   The process is running with CompressedOops enabled, and the Java Heap may be blocking the growth of the native heap
# Possible solutions:
#   Reduce memory load on the system
#   Increase physical memory or swap space
#   Check if swap backing store is full
#   Decrease Java heap size (-Xmx/-Xms)
#   Decrease number of Java threads
#   Decrease Java thread stack sizes (-Xss)
#   Set larger code cache with -XX:ReservedCodeCacheSize=
#   JVM is running with Zero Based Compressed Oops mode in which the Java heap is
#     placed in the first 32GB address space. The Java Heap base address is the
#     maximum limit for the native heap growth. Please use -XX:HeapBaseMinAddress
#     to set the Java Heap base and to place the Java Heap above 32GB virtual address.
# This output file may be truncated or incomplete.
#
#  Out of Memory Error (virtualSpaceNode.cpp:110), pid=26868, tid=35160
#
# JRE version: OpenJDK Runtime Environment Temurin-17.0.4.1+1 (17.0.4.1+1) (build 17.0.4.1+1)
# Java VM: OpenJDK 64-Bit Server VM Temurin-17.0.4.1+1 (17.0.4.1+1, mixed mode, sharing, tiered, compressed oops, compressed class ptrs, g1 gc, windows-amd64)
# No core dump will be written. Minidumps are not enabled by default on client versions of Windows
#

---------------  S U M M A R Y ------------

Command Line: -XX:+ShowCodeDetailsInExceptionMessages main.java.br.com.alura.hotel.views.Login

Host: Intel(R) Core(TM) i7-7700 CPU @ 3.60GHz, 8 cores, 15G,  Windows 10 , 64 bit Build 19041 (10.0.19041.3031)
Time: Fri Sep  8 00:47:09 2023 Hora oficial do Brasil elapsed time: 0.456697 seconds (0d 0h 0m 0s)

---------------  T H R E A D  ---------------

Current thread (0x000001d8f606dd70):  JavaThread "AWT-EventQueue-0" [_thread_in_vm, id=35160, stack(0x00000098d2600000,0x00000098d2700000)]

Stack: [0x00000098d2600000,0x00000098d2700000]
Native frames: (J=compiled Java code, j=interpreted, Vv=VM code, C=native code)
V  [jvm.dll+0x67731a]
V  [jvm.dll+0x832284]
V  [jvm.dll+0x833a2e]
V  [jvm.dll+0x834093]
V  [jvm.dll+0x245775]
V  [jvm.dll+0x82e22b]
V  [jvm.dll+0x61bdf6]
V  [jvm.dll+0x61be5a]
V  [jvm.dll+0x61e67a]
V  [jvm.dll+0x61c796]
V  [jvm.dll+0x2431cc]
V  [jvm.dll+0x6cd7ed]
V  [jvm.dll+0x6ce21f]
V  [jvm.dll+0x370333]
V  [jvm.dll+0x36f512]
V  [jvm.dll+0x36f4b8]
V  [jvm.dll+0x55df35]
V  [jvm.dll+0x55ce54]
V  [jvm.dll+0x383307]
V  [jvm.dll+0x38295f]
C  0x000001d8d9bfa60c

Java frames: (J=compiled Java code, j=interpreted, Vv=VM code)
j  sun.font.FontDesignMetrics.getMetrics(Ljava/awt/Font;Ljava/awt/font/FontRenderContext;)Lsun/font/FontDesignMetrics;+0 java.desktop@17.0.4.1
j  sun.swing.SwingUtilities2.getFontMetrics(Ljavax/swing/JComponent;Ljava/awt/Font;)Ljava/awt/FontMetrics;+15 java.desktop@17.0.4.1
j  javax.swing.JComponent.getFontMetrics(Ljava/awt/Font;)Ljava/awt/FontMetrics;+2 java.desktop@17.0.4.1
j  javax.swing.text.PlainView.calculateLongestLine()V+19 java.desktop@17.0.4.1
j  javax.swing.text.PlainView.updateMetrics()V+50 java.desktop@17.0.4.1
j  javax.swing.text.PlainView.updateDamage(Ljavax/swing/event/DocumentEvent;Ljava/awt/Shape;Ljavax/swing/text/ViewFactory;)V+7 java.desktop@17.0.4.1
j  javax.swing.text.PlainView.insertUpdate(Ljavax/swing/event/DocumentEvent;Ljava/awt/Shape;Ljavax/swing/text/ViewFactory;)V+4 java.desktop@17.0.4.1
j  javax.swing.text.FieldView.insertUpdate(Ljavax/swing/event/DocumentEvent;Ljava/awt/Shape;Ljavax/swing/text/ViewFactory;)V+8 java.desktop@17.0.4.1
j  javax.swing.plaf.basic.BasicTextUI$RootView.insertUpdate(Ljavax/swing/event/DocumentEvent;Ljava/awt/Shape;Ljavax/swing/text/ViewFactory;)V+14 java.desktop@17.0.4.1
j  javax.swing.plaf.basic.BasicTextUI$UpdateHandler.insertUpdate(Ljavax/swing/event/DocumentEvent;)V+101 java.desktop@17.0.4.1
j  javax.swing.text.AbstractDocument.fireInsertUpdate(Ljavax/swing/event/DocumentEvent;)V+39 java.desktop@17.0.4.1
j  javax.swing.text.AbstractDocument.handleInsertString(ILjava/lang/String;Ljavax/swing/text/AttributeSet;)V+150 java.desktop@17.0.4.1
j  javax.swing.text.AbstractDocument.insertString(ILjava/lang/String;Ljavax/swing/text/AttributeSet;)V+69 java.desktop@17.0.4.1
j  javax.swing.text.PlainDocument.insertString(ILjava/lang/String;Ljavax/swing/text/AttributeSet;)V+104 java.desktop@17.0.4.1
j  javax.swing.text.AbstractDocument.replace(IILjava/lang/String;Ljavax/swing/text/AttributeSet;)V+74 java.desktop@17.0.4.1
j  javax.swing.text.JTextComponent.setText(Ljava/lang/String;)V+25 java.desktop@17.0.4.1
j  main.java.br.com.alura.hotel.views.Login.<init>()V+250
j  main.java.br.com.alura.hotel.views.Login$1.run()V+4
j  java.awt.event.InvocationEvent.dispatch()V+47 java.desktop@17.0.4.1
j  java.awt.EventQueue.dispatchEventImpl(Ljava/awt/AWTEvent;Ljava/lang/Object;)V+21 java.desktop@17.0.4.1
j  java.awt.EventQueue$4.run()Ljava/lang/Void;+32 java.desktop@17.0.4.1
j  java.awt.EventQueue$4.run()Ljava/lang/Object;+1 java.desktop@17.0.4.1
j  java.security.AccessController.executePrivileged(Ljava/security/PrivilegedAction;Ljava/security/AccessControlContext;Ljava/lang/Class;)Ljava/lang/Object;+29 java.base@17.0.4.1
j  java.security.AccessController.doPrivileged(Ljava/security/PrivilegedAction;Ljava/security/AccessControlContext;)Ljava/lang/Object;+13 java.base@17.0.4.1
j  java.security.ProtectionDomain$JavaSecurityAccessImpl.doIntersectionPrivilege(Ljava/security/PrivilegedAction;Ljava/security/AccessControlContext;Ljava/security/AccessControlContext;)Ljava/lang/Object;+18 java.base@17.0.4.1
j  java.awt.EventQueue.dispatchEvent(Ljava/awt/AWTEvent;)V+46 java.desktop@17.0.4.1
j  java.awt.EventDispatchThread.pumpOneEventForFilters(I)V+78 java.desktop@17.0.4.1
j  java.awt.EventDispatchThread.pumpEventsForFilter(ILjava/awt/Conditional;Ljava/awt/EventFilter;)V+35 java.desktop@17.0.4.1
j  java.awt.EventDispatchThread.pumpEventsForHierarchy(ILjava/awt/Conditional;Ljava/awt/Component;)V+11 java.desktop@17.0.4.1
j  java.awt.EventDispatchThread.pumpEvents(ILjava/awt/Conditional;)V+4 java.desktop@17.0.4.1
j  java.awt.EventDispatchThread.pumpEvents(Ljava/awt/Conditional;)V+3 java.desktop@17.0.4.1
j  java.awt.EventDispatchThread.run()V+9 java.desktop@17.0.4.1
v  ~StubRoutines::call_stub

---------------  P R O C E S S  ---------------

Threads class SMR info:
_java_thread_list=0x000001d8f639a930, length=17, elements={
0x000001d8f5119160, 0x000001d8f511a770, 0x000001d8f5131da0, 0x000001d8f5132860,
0x000001d8f51361d0, 0x000001d8f5137320, 0x000001d8f513bd50, 0x000001d8f513df40,
0x000001d8f5c08070, 0x000001d8f5d21c30, 0x000001d8f5d33420, 0x000001d8f5edfaa0,
0x000001d8f5edff70, 0x000001d8f5ee0440, 0x000001d8f606dd70, 0x000001d8d20f9860,
0x000001d8f63fb7a0
}

Java Threads: ( => current thread )
  0x000001d8f5119160 JavaThread "Reference Handler" daemon [_thread_blocked, id=21840, stack(0x00000098d1700000,0x00000098d1800000)]
  0x000001d8f511a770 JavaThread "Finalizer" daemon [_thread_blocked, id=8340, stack(0x00000098d1800000,0x00000098d1900000)]
  0x000001d8f5131da0 JavaThread "Signal Dispatcher" daemon [_thread_blocked, id=26696, stack(0x00000098d1900000,0x00000098d1a00000)]
  0x000001d8f5132860 JavaThread "Attach Listener" daemon [_thread_blocked, id=25328, stack(0x00000098d1a00000,0x00000098d1b00000)]
  0x000001d8f51361d0 JavaThread "Service Thread" daemon [_thread_blocked, id=18812, stack(0x00000098d1b00000,0x00000098d1c00000)]
  0x000001d8f5137320 JavaThread "Monitor Deflation Thread" daemon [_thread_blocked, id=27860, stack(0x00000098d1c00000,0x00000098d1d00000)]
  0x000001d8f513bd50 JavaThread "C2 CompilerThread0" daemon [_thread_blocked, id=17868, stack(0x00000098d1d00000,0x00000098d1e00000)]
  0x000001d8f513df40 JavaThread "C1 CompilerThread0" daemon [_thread_blocked, id=33144, stack(0x00000098d1e00000,0x00000098d1f00000)]
  0x000001d8f5c08070 JavaThread "Sweeper thread" daemon [_thread_blocked, id=24312, stack(0x00000098d1f00000,0x00000098d2000000)]
  0x000001d8f5d21c30 JavaThread "Notification Thread" daemon [_thread_blocked, id=15628, stack(0x00000098d2000000,0x00000098d2100000)]
  0x000001d8f5d33420 JavaThread "Common-Cleaner" daemon [_thread_blocked, id=31016, stack(0x00000098d2200000,0x00000098d2300000)]
  0x000001d8f5edfaa0 JavaThread "Java2D Disposer" daemon [_thread_blocked, id=32412, stack(0x00000098d2300000,0x00000098d2400000)]
  0x000001d8f5edff70 JavaThread "AWT-Shutdown" [_thread_blocked, id=24608, stack(0x00000098d2400000,0x00000098d2500000)]
  0x000001d8f5ee0440 JavaThread "AWT-Windows" daemon [_thread_in_native, id=7912, stack(0x00000098d2500000,0x00000098d2600000)]
=>0x000001d8f606dd70 JavaThread "AWT-EventQueue-0" [_thread_in_vm, id=35160, stack(0x00000098d2600000,0x00000098d2700000)]
  0x000001d8d20f9860 JavaThread "DestroyJavaVM" [_thread_blocked, id=18308, stack(0x00000098d1000000,0x00000098d1100000)]
  0x000001d8f63fb7a0 JavaThread "Image Fetcher 0" daemon [_thread_blocked, id=26512, stack(0x00000098d2900000,0x00000098d2a00000)]

Other Threads:
  0x000001d8f5113500 VMThread "VM Thread" [stack: 0x00000098d1600000,0x00000098d1700000] [id=5672]
  0x000001d8f5d24730 WatcherThread [stack: 0x00000098d2100000,0x00000098d2200000] [id=17836]
  0x000001d8d2164df0 GCTaskThread "GC Thread#0" [stack: 0x00000098d1100000,0x00000098d1200000] [id=18564]
  0x000001d8d2175cb0 ConcurrentGCThread "G1 Main Marker" [stack: 0x00000098d1200000,0x00000098d1300000] [id=12452]
  0x000001d8d2176e60 ConcurrentGCThread "G1 Conc#0" [stack: 0x00000098d1300000,0x00000098d1400000] [id=21424]
  0x000001d8f4fd34e0 ConcurrentGCThread "G1 Refine#0" [stack: 0x00000098d1400000,0x00000098d1500000] [id=10960]
  0x000001d8f4fd3f00 ConcurrentGCThread "G1 Service" [stack: 0x00000098d1500000,0x00000098d1600000] [id=27204]

Threads with active compile tasks:

VM state: not at safepoint (normal execution)

VM Mutex/Monitor currently owned by a thread:  ([mutex/lock_event])
[0x000001d8d20e2a90] Metaspace_lock - owner thread: 0x000001d8f606dd70

Heap address: 0x0000000700800000, size: 4088 MB, Compressed Oops mode: Zero based, Oop shift amount: 3

CDS archive(s) mapped at: [0x0000000800000000-0x0000000800bc0000-0x0000000800bc0000), size 12320768, SharedBaseAddress: 0x0000000800000000, ArchiveRelocationMode: 0.
Compressed class space mapped at: 0x0000000800c00000-0x0000000840c00000, reserved size: 1073741824
Narrow klass base: 0x0000000800000000, Narrow klass shift: 0, Narrow klass range: 0x100000000

GC Precious Log:
 CPUs: 8 total, 8 available
 Memory: 16344M
 Large Page Support: Disabled
 NUMA Support: Disabled
 Compressed Oops: Enabled (Zero based)
 Heap Region Size: 2M
 Heap Min Capacity: 8M
 Heap Initial Capacity: 256M
 Heap Max Capacity: 4088M
 Pre-touch: Disabled
 Parallel Workers: 8
 Concurrent Workers: 2
 Concurrent Refinement Workers: 8
 Periodic GC: Disabled

Heap:
 garbage-first heap   total 262144K, used 8192K [0x0000000700800000, 0x0000000800000000)
  region size 2048K, 5 young (10240K), 0 survivors (0K)
 Metaspace       used 6117K, committed 6336K, reserved 1056768K
  class space    used 702K, committed 832K, reserved 1048576K

Heap Regions: E=young(eden), S=young(survivor), O=old, HS=humongous(starts), HC=humongous(continues), CS=collection set, F=free, OA=open archive, CA=closed archive, TAMS=top-at-mark-start (previous, next)
|   0|0x0000000700800000, 0x0000000700800000, 0x0000000700a00000|  0%| F|  |TAMS 0x0000000700800000, 0x0000000700800000| Untracked 
|   1|0x0000000700a00000, 0x0000000700a00000, 0x0000000700c00000|  0%| F|  |TAMS 0x0000000700a00000, 0x0000000700a00000| Untracked 
|   2|0x0000000700c00000, 0x0000000700c00000, 0x0000000700e00000|  0%| F|  |TAMS 0x0000000700c00000, 0x0000000700c00000| Untracked 
|   3|0x0000000700e00000, 0x0000000700e00000, 0x0000000701000000|  0%| F|  |TAMS 0x0000000700e00000, 0x0000000700e00000| Untracked 
|   4|0x0000000701000000, 0x0000000701000000, 0x0000000701200000|  0%| F|  |TAMS 0x0000000701000000, 0x0000000701000000| Untracked 
|   5|0x0000000701200000, 0x0000000701200000, 0x0000000701400000|  0%| F|  |TAMS 0x0000000701200000, 0x0000000701200000| Untracked 
|   6|0x0000000701400000, 0x0000000701400000, 0x0000000701600000|  0%| F|  |TAMS 0x0000000701400000, 0x0000000701400000| Untracked 
|   7|0x0000000701600000, 0x0000000701600000, 0x0000000701800000|  0%| F|  |TAMS 0x0000000701600000, 0x0000000701600000| Untracked 
|   8|0x0000000701800000, 0x0000000701800000, 0x0000000701a00000|  0%| F|  |TAMS 0x0000000701800000, 0x0000000701800000| Untracked 
|   9|0x0000000701a00000, 0x0000000701a00000, 0x0000000701c00000|  0%| F|  |TAMS 0x0000000701a00000, 0x0000000701a00000| Untracked 
|  10|0x0000000701c00000, 0x0000000701c00000, 0x0000000701e00000|  0%| F|  |TAMS 0x0000000701c00000, 0x0000000701c00000| Untracked 
|  11|0x0000000701e00000, 0x0000000701e00000, 0x0000000702000000|  0%| F|  |TAMS 0x0000000701e00000, 0x0000000701e00000| Untracked 
|  12|0x0000000702000000, 0x0000000702000000, 0x0000000702200000|  0%| F|  |TAMS 0x0000000702000000, 0x0000000702000000| Untracked 
|  13|0x0000000702200000, 0x0000000702200000, 0x0000000702400000|  0%| F|  |TAMS 0x0000000702200000, 0x0000000702200000| Untracked 
|  14|0x0000000702400000, 0x0000000702400000, 0x0000000702600000|  0%| F|  |TAMS 0x0000000702400000, 0x0000000702400000| Untracked 
|  15|0x0000000702600000, 0x0000000702600000, 0x0000000702800000|  0%| F|  |TAMS 0x0000000702600000, 0x0000000702600000| Untracked 
|  16|0x0000000702800000, 0x0000000702800000, 0x0000000702a00000|  0%| F|  |TAMS 0x0000000702800000, 0x0000000702800000| Untracked 
|  17|0x0000000702a00000, 0x0000000702a00000, 0x0000000702c00000|  0%| F|  |TAMS 0x0000000702a00000, 0x0000000702a00000| Untracked 
|  18|0x0000000702c00000, 0x0000000702c00000, 0x0000000702e00000|  0%| F|  |TAMS 0x0000000702c00000, 0x0000000702c00000| Untracked 
|  19|0x0000000702e00000, 0x0000000702e00000, 0x0000000703000000|  0%| F|  |TAMS 0x0000000702e00000, 0x0000000702e00000| Untracked 
|  20|0x0000000703000000, 0x0000000703000000, 0x0000000703200000|  0%| F|  |TAMS 0x0000000703000000, 0x0000000703000000| Untracked 
|  21|0x0000000703200000, 0x0000000703200000, 0x0000000703400000|  0%| F|  |TAMS 0x0000000703200000, 0x0000000703200000| Untracked 
|  22|0x0000000703400000, 0x0000000703400000, 0x0000000703600000|  0%| F|  |TAMS 0x0000000703400000, 0x0000000703400000| Untracked 
|  23|0x0000000703600000, 0x0000000703600000, 0x0000000703800000|  0%| F|  |TAMS 0x0000000703600000, 0x0000000703600000| Untracked 
|  24|0x0000000703800000, 0x0000000703800000, 0x0000000703a00000|  0%| F|  |TAMS 0x0000000703800000, 0x0000000703800000| Untracked 
|  25|0x0000000703a00000, 0x0000000703a00000, 0x0000000703c00000|  0%| F|  |TAMS 0x0000000703a00000, 0x0000000703a00000| Untracked 
|  26|0x0000000703c00000, 0x0000000703c00000, 0x0000000703e00000|  0%| F|  |TAMS 0x0000000703c00000, 0x0000000703c00000| Untracked 
|  27|0x0000000703e00000, 0x0000000703e00000, 0x0000000704000000|  0%| F|  |TAMS 0x0000000703e00000, 0x0000000703e00000| Untracked 
|  28|0x0000000704000000, 0x0000000704000000, 0x0000000704200000|  0%| F|  |TAMS 0x0000000704000000, 0x0000000704000000| Untracked 
|  29|0x0000000704200000, 0x0000000704200000, 0x0000000704400000|  0%| F|  |TAMS 0x0000000704200000, 0x0000000704200000| Untracked 
|  30|0x0000000704400000, 0x0000000704400000, 0x0000000704600000|  0%| F|  |TAMS 0x0000000704400000, 0x0000000704400000| Untracked 
|  31|0x0000000704600000, 0x0000000704600000, 0x0000000704800000|  0%| F|  |TAMS 0x0000000704600000, 0x0000000704600000| Untracked 
|  32|0x0000000704800000, 0x0000000704800000, 0x0000000704a00000|  0%| F|  |TAMS 0x0000000704800000, 0x0000000704800000| Untracked 
|  33|0x0000000704a00000, 0x0000000704a00000, 0x0000000704c00000|  0%| F|  |TAMS 0x0000000704a00000, 0x0000000704a00000| Untracked 
|  34|0x0000000704c00000, 0x0000000704c00000, 0x0000000704e00000|  0%| F|  |TAMS 0x0000000704c00000, 0x0000000704c00000| Untracked 
|  35|0x0000000704e00000, 0x0000000704e00000, 0x0000000705000000|  0%| F|  |TAMS 0x0000000704e00000, 0x0000000704e00000| Untracked 
|  36|0x0000000705000000, 0x0000000705000000, 0x0000000705200000|  0%| F|  |TAMS 0x0000000705000000, 0x0000000705000000| Untracked 
|  37|0x0000000705200000, 0x0000000705200000, 0x0000000705400000|  0%| F|  |TAMS 0x0000000705200000, 0x0000000705200000| Untracked 
|  38|0x0000000705400000, 0x0000000705400000, 0x0000000705600000|  0%| F|  |TAMS 0x0000000705400000, 0x0000000705400000| Untracked 
|  39|0x0000000705600000, 0x0000000705600000, 0x0000000705800000|  0%| F|  |TAMS 0x0000000705600000, 0x0000000705600000| Untracked 
|  40|0x0000000705800000, 0x0000000705800000, 0x0000000705a00000|  0%| F|  |TAMS 0x0000000705800000, 0x0000000705800000| Untracked 
|  41|0x0000000705a00000, 0x0000000705a00000, 0x0000000705c00000|  0%| F|  |TAMS 0x0000000705a00000, 0x0000000705a00000| Untracked 
|  42|0x0000000705c00000, 0x0000000705c00000, 0x0000000705e00000|  0%| F|  |TAMS 0x0000000705c00000, 0x0000000705c00000| Untracked 
|  43|0x0000000705e00000, 0x0000000705e00000, 0x0000000706000000|  0%| F|  |TAMS 0x0000000705e00000, 0x0000000705e00000| Untracked 
|  44|0x0000000706000000, 0x0000000706000000, 0x0000000706200000|  0%| F|  |TAMS 0x0000000706000000, 0x0000000706000000| Untracked 
|  45|0x0000000706200000, 0x0000000706200000, 0x0000000706400000|  0%| F|  |TAMS 0x0000000706200000, 0x0000000706200000| Untracked 
|  46|0x0000000706400000, 0x0000000706400000, 0x0000000706600000|  0%| F|  |TAMS 0x0000000706400000, 0x0000000706400000| Untracked 
|  47|0x0000000706600000, 0x0000000706600000, 0x0000000706800000|  0%| F|  |TAMS 0x0000000706600000, 0x0000000706600000| Untracked 
|  48|0x0000000706800000, 0x0000000706800000, 0x0000000706a00000|  0%| F|  |TAMS 0x0000000706800000, 0x0000000706800000| Untracked 
|  49|0x0000000706a00000, 0x0000000706a00000, 0x0000000706c00000|  0%| F|  |TAMS 0x0000000706a00000, 0x0000000706a00000| Untracked 
|  50|0x0000000706c00000, 0x0000000706c00000, 0x0000000706e00000|  0%| F|  |TAMS 0x0000000706c00000, 0x0000000706c00000| Untracked 
|  51|0x0000000706e00000, 0x0000000706e00000, 0x0000000707000000|  0%| F|  |TAMS 0x0000000706e00000, 0x0000000706e00000| Untracked 
|  52|0x0000000707000000, 0x0000000707000000, 0x0000000707200000|  0%| F|  |TAMS 0x0000000707000000, 0x0000000707000000| Untracked 
|  53|0x0000000707200000, 0x0000000707200000, 0x0000000707400000|  0%| F|  |TAMS 0x0000000707200000, 0x0000000707200000| Untracked 
|  54|0x0000000707400000, 0x0000000707400000, 0x0000000707600000|  0%| F|  |TAMS 0x0000000707400000, 0x0000000707400000| Untracked 
|  55|0x0000000707600000, 0x0000000707600000, 0x0000000707800000|  0%| F|  |TAMS 0x0000000707600000, 0x0000000707600000| Untracked 
|  56|0x0000000707800000, 0x0000000707800000, 0x0000000707a00000|  0%| F|  |TAMS 0x0000000707800000, 0x0000000707800000| Untracked 
|  57|0x0000000707a00000, 0x0000000707a00000, 0x0000000707c00000|  0%| F|  |TAMS 0x0000000707a00000, 0x0000000707a00000| Untracked 
|  58|0x0000000707c00000, 0x0000000707c00000, 0x0000000707e00000|  0%| F|  |TAMS 0x0000000707c00000, 0x0000000707c00000| Untracked 
|  59|0x0000000707e00000, 0x0000000707e00000, 0x0000000708000000|  0%| F|  |TAMS 0x0000000707e00000, 0x0000000707e00000| Untracked 
|  60|0x0000000708000000, 0x0000000708000000, 0x0000000708200000|  0%| F|  |TAMS 0x0000000708000000, 0x0000000708000000| Untracked 
|  61|0x0000000708200000, 0x0000000708200000, 0x0000000708400000|  0%| F|  |TAMS 0x0000000708200000, 0x0000000708200000| Untracked 
|  62|0x0000000708400000, 0x0000000708400000, 0x0000000708600000|  0%| F|  |TAMS 0x0000000708400000, 0x0000000708400000| Untracked 
|  63|0x0000000708600000, 0x0000000708600000, 0x0000000708800000|  0%| F|  |TAMS 0x0000000708600000, 0x0000000708600000| Untracked 
|  64|0x0000000708800000, 0x0000000708800000, 0x0000000708a00000|  0%| F|  |TAMS 0x0000000708800000, 0x0000000708800000| Untracked 
|  65|0x0000000708a00000, 0x0000000708a00000, 0x0000000708c00000|  0%| F|  |TAMS 0x0000000708a00000, 0x0000000708a00000| Untracked 
|  66|0x0000000708c00000, 0x0000000708c00000, 0x0000000708e00000|  0%| F|  |TAMS 0x0000000708c00000, 0x0000000708c00000| Untracked 
|  67|0x0000000708e00000, 0x0000000708e00000, 0x0000000709000000|  0%| F|  |TAMS 0x0000000708e00000, 0x0000000708e00000| Untracked 
|  68|0x0000000709000000, 0x0000000709000000, 0x0000000709200000|  0%| F|  |TAMS 0x0000000709000000, 0x0000000709000000| Untracked 
|  69|0x0000000709200000, 0x0000000709200000, 0x0000000709400000|  0%| F|  |TAMS 0x0000000709200000, 0x0000000709200000| Untracked 
|  70|0x0000000709400000, 0x0000000709400000, 0x0000000709600000|  0%| F|  |TAMS 0x0000000709400000, 0x0000000709400000| Untracked 
|  71|0x0000000709600000, 0x0000000709600000, 0x0000000709800000|  0%| F|  |TAMS 0x0000000709600000, 0x0000000709600000| Untracked 
|  72|0x0000000709800000, 0x0000000709800000, 0x0000000709a00000|  0%| F|  |TAMS 0x0000000709800000, 0x0000000709800000| Untracked 
|  73|0x0000000709a00000, 0x0000000709a00000, 0x0000000709c00000|  0%| F|  |TAMS 0x0000000709a00000, 0x0000000709a00000| Untracked 
|  74|0x0000000709c00000, 0x0000000709c00000, 0x0000000709e00000|  0%| F|  |TAMS 0x0000000709c00000, 0x0000000709c00000| Untracked 
|  75|0x0000000709e00000, 0x0000000709e00000, 0x000000070a000000|  0%| F|  |TAMS 0x0000000709e00000, 0x0000000709e00000| Untracked 
|  76|0x000000070a000000, 0x000000070a000000, 0x000000070a200000|  0%| F|  |TAMS 0x000000070a000000, 0x000000070a000000| Untracked 
|  77|0x000000070a200000, 0x000000070a200000, 0x000000070a400000|  0%| F|  |TAMS 0x000000070a200000, 0x000000070a200000| Untracked 
|  78|0x000000070a400000, 0x000000070a400000, 0x000000070a600000|  0%| F|  |TAMS 0x000000070a400000, 0x000000070a400000| Untracked 
|  79|0x000000070a600000, 0x000000070a600000, 0x000000070a800000|  0%| F|  |TAMS 0x000000070a600000, 0x000000070a600000| Untracked 
|  80|0x000000070a800000, 0x000000070a800000, 0x000000070aa00000|  0%| F|  |TAMS 0x000000070a800000, 0x000000070a800000| Untracked 
|  81|0x000000070aa00000, 0x000000070aa00000, 0x000000070ac00000|  0%| F|  |TAMS 0x000000070aa00000, 0x000000070aa00000| Untracked 
|  82|0x000000070ac00000, 0x000000070ac00000, 0x000000070ae00000|  0%| F|  |TAMS 0x000000070ac00000, 0x000000070ac00000| Untracked 
|  83|0x000000070ae00000, 0x000000070ae00000, 0x000000070b000000|  0%| F|  |TAMS 0x000000070ae00000, 0x000000070ae00000| Untracked 
|  84|0x000000070b000000, 0x000000070b000000, 0x000000070b200000|  0%| F|  |TAMS 0x000000070b000000, 0x000000070b000000| Untracked 
|  85|0x000000070b200000, 0x000000070b200000, 0x000000070b400000|  0%| F|  |TAMS 0x000000070b200000, 0x000000070b200000| Untracked 
|  86|0x000000070b400000, 0x000000070b400000, 0x000000070b600000|  0%| F|  |TAMS 0x000000070b400000, 0x000000070b400000| Untracked 
|  87|0x000000070b600000, 0x000000070b600000, 0x000000070b800000|  0%| F|  |TAMS 0x000000070b600000, 0x000000070b600000| Untracked 
|  88|0x000000070b800000, 0x000000070b800000, 0x000000070ba00000|  0%| F|  |TAMS 0x000000070b800000, 0x000000070b800000| Untracked 
|  89|0x000000070ba00000, 0x000000070ba00000, 0x000000070bc00000|  0%| F|  |TAMS 0x000000070ba00000, 0x000000070ba00000| Untracked 
|  90|0x000000070bc00000, 0x000000070bc00000, 0x000000070be00000|  0%| F|  |TAMS 0x000000070bc00000, 0x000000070bc00000| Untracked 
|  91|0x000000070be00000, 0x000000070be00000, 0x000000070c000000|  0%| F|  |TAMS 0x000000070be00000, 0x000000070be00000| Untracked 
|  92|0x000000070c000000, 0x000000070c000000, 0x000000070c200000|  0%| F|  |TAMS 0x000000070c000000, 0x000000070c000000| Untracked 
|  93|0x000000070c200000, 0x000000070c200000, 0x000000070c400000|  0%| F|  |TAMS 0x000000070c200000, 0x000000070c200000| Untracked 
|  94|0x000000070c400000, 0x000000070c400000, 0x000000070c600000|  0%| F|  |TAMS 0x000000070c400000, 0x000000070c400000| Untracked 
|  95|0x000000070c600000, 0x000000070c600000, 0x000000070c800000|  0%| F|  |TAMS 0x000000070c600000, 0x000000070c600000| Untracked 
|  96|0x000000070c800000, 0x000000070c800000, 0x000000070ca00000|  0%| F|  |TAMS 0x000000070c800000, 0x000000070c800000| Untracked 
|  97|0x000000070ca00000, 0x000000070ca00000, 0x000000070cc00000|  0%| F|  |TAMS 0x000000070ca00000, 0x000000070ca00000| Untracked 
|  98|0x000000070cc00000, 0x000000070cc00000, 0x000000070ce00000|  0%| F|  |TAMS 0x000000070cc00000, 0x000000070cc00000| Untracked 
|  99|0x000000070ce00000, 0x000000070ce00000, 0x000000070d000000|  0%| F|  |TAMS 0x000000070ce00000, 0x000000070ce00000| Untracked 
| 100|0x000000070d000000, 0x000000070d000000, 0x000000070d200000|  0%| F|  |TAMS 0x000000070d000000, 0x000000070d000000| Untracked 
| 101|0x000000070d200000, 0x000000070d200000, 0x000000070d400000|  0%| F|  |TAMS 0x000000070d200000, 0x000000070d200000| Untracked 
| 102|0x000000070d400000, 0x000000070d400000, 0x000000070d600000|  0%| F|  |TAMS 0x000000070d400000, 0x000000070d400000| Untracked 
| 103|0x000000070d600000, 0x000000070d600000, 0x000000070d800000|  0%| F|  |TAMS 0x000000070d600000, 0x000000070d600000| Untracked 
| 104|0x000000070d800000, 0x000000070d800000, 0x000000070da00000|  0%| F|  |TAMS 0x000000070d800000, 0x000000070d800000| Untracked 
| 105|0x000000070da00000, 0x000000070da00000, 0x000000070dc00000|  0%| F|  |TAMS 0x000000070da00000, 0x000000070da00000| Untracked 
| 106|0x000000070dc00000, 0x000000070dc00000, 0x000000070de00000|  0%| F|  |TAMS 0x000000070dc00000, 0x000000070dc00000| Untracked 
| 107|0x000000070de00000, 0x000000070de00000, 0x000000070e000000|  0%| F|  |TAMS 0x000000070de00000, 0x000000070de00000| Untracked 
| 108|0x000000070e000000, 0x000000070e000000, 0x000000070e200000|  0%| F|  |TAMS 0x000000070e000000, 0x000000070e000000| Untracked 
| 109|0x000000070e200000, 0x000000070e200000, 0x000000070e400000|  0%| F|  |TAMS 0x000000070e200000, 0x000000070e200000| Untracked 
| 110|0x000000070e400000, 0x000000070e400000, 0x000000070e600000|  0%| F|  |TAMS 0x000000070e400000, 0x000000070e400000| Untracked 
| 111|0x000000070e600000, 0x000000070e600000, 0x000000070e800000|  0%| F|  |TAMS 0x000000070e600000, 0x000000070e600000| Untracked 
| 112|0x000000070e800000, 0x000000070e800000, 0x000000070ea00000|  0%| F|  |TAMS 0x000000070e800000, 0x000000070e800000| Untracked 
| 113|0x000000070ea00000, 0x000000070ea00000, 0x000000070ec00000|  0%| F|  |TAMS 0x000000070ea00000, 0x000000070ea00000| Untracked 
| 114|0x000000070ec00000, 0x000000070ec00000, 0x000000070ee00000|  0%| F|  |TAMS 0x000000070ec00000, 0x000000070ec00000| Untracked 
| 115|0x000000070ee00000, 0x000000070ee00000, 0x000000070f000000|  0%| F|  |TAMS 0x000000070ee00000, 0x000000070ee00000| Untracked 
| 116|0x000000070f000000, 0x000000070f000000, 0x000000070f200000|  0%| F|  |TAMS 0x000000070f000000, 0x000000070f000000| Untracked 
| 117|0x000000070f200000, 0x000000070f200000, 0x000000070f400000|  0%| F|  |TAMS 0x000000070f200000, 0x000000070f200000| Untracked 
| 118|0x000000070f400000, 0x000000070f400000, 0x000000070f600000|  0%| F|  |TAMS 0x000000070f400000, 0x000000070f400000| Untracked 
| 119|0x000000070f600000, 0x000000070f600000, 0x000000070f800000|  0%| F|  |TAMS 0x000000070f600000, 0x000000070f600000| Untracked 
| 120|0x000000070f800000, 0x000000070f800000, 0x000000070fa00000|  0%| F|  |TAMS 0x000000070f800000, 0x000000070f800000| Untracked 
| 121|0x000000070fa00000, 0x000000070fa00000, 0x000000070fc00000|  0%| F|  |TAMS 0x000000070fa00000, 0x000000070fa00000| Untracked 
| 122|0x000000070fc00000, 0x000000070fc00000, 0x000000070fe00000|  0%| F|  |TAMS 0x000000070fc00000, 0x000000070fc00000| Untracked 
| 123|0x000000070fe00000, 0x000000070ff52728, 0x0000000710000000| 66%| E|  |TAMS 0x000000070fe00000, 0x000000070fe00000| Complete 
| 124|0x0000000710000000, 0x0000000710200000, 0x0000000710200000|100%| E|CS|TAMS 0x0000000710000000, 0x0000000710000000| Complete 
| 125|0x0000000710200000, 0x0000000710400000, 0x0000000710400000|100%| E|CS|TAMS 0x0000000710200000, 0x0000000710200000| Complete 
| 126|0x0000000710400000, 0x0000000710600000, 0x0000000710600000|100%| E|CS|TAMS 0x0000000710400000, 0x0000000710400000| Complete 
| 127|0x0000000710600000, 0x0000000710800000, 0x0000000710800000|100%| E|CS|TAMS 0x0000000710600000, 0x0000000710600000| Complete 

Card table byte_map: [0x000001d8e9710000,0x000001d8e9f10000] _byte_map_base: 0x000001d8e5f0c000

Marking Bits (Prev, Next): (CMBitMap*) 0x000001d8d2165400, (CMBitMap*) 0x000001d8d2165440
 Prev Bits: [0x000001d8ea710000, 0x000001d8ee6f0000)
 Next Bits: [0x000001d8ee6f0000, 0x000001d8f26d0000)

Polling page: 0x000001d8d18d0000

Metaspace:

Usage:
  Non-class:      5.29 MB used.
      Class:    702.38 KB used.
       Both:      5.97 MB used.

Virtual space:
  Non-class space:        8.00 MB reserved,       5.38 MB ( 67%) committed,  1 nodes.
      Class space:        1.00 GB reserved,     832.00 KB ( <1%) committed,  1 nodes.
             Both:        1.01 GB reserved,       6.19 MB ( <1%) committed. 

Chunk freelists:
   Non-Class:  2.36 MB
       Class:  3.24 MB
        Both:  5.61 MB

MaxMetaspaceSize: unlimited
CompressedClassSpaceSize: 1.00 GB
Initial GC threshold: 21.00 MB
Current GC threshold: 21.00 MB
CDS: on
MetaspaceReclaimPolicy: balanced
 - commit_granule_bytes: 65536.
 - commit_granule_words: 8192.
 - virtual_space_node_default_size: 1048576.
 - enlarge_chunks_in_place: 1.
 - new_chunks_are_fully_committed: 0.
 - uncommit_free_chunks: 1.
 - use_allocation_guard: 0.
 - handle_deallocations: 1.


Internal statistics:

num_allocs_failed_limit: 0.
num_arena_births: 102.
num_arena_deaths: 0.
num_vsnodes_births: 2.
num_vsnodes_deaths: 0.
num_space_committed: 99.
num_space_uncommitted: 0.
num_chunks_returned_to_freelist: 0.
num_chunks_taken_from_freelist: 127.
num_chunk_merges: 0.
num_chunk_splits: 80.
num_chunks_enlarged: 42.
num_purges: 0.
num_inconsistent_stats: 0.

CodeHeap 'non-profiled nmethods': size=120000Kb used=196Kb max_used=196Kb free=119803Kb
 bounds [0x000001d8e16b0000, 0x000001d8e1920000, 0x000001d8e8be0000]
CodeHeap 'profiled nmethods': size=120000Kb used=1060Kb max_used=1060Kb free=118939Kb
 bounds [0x000001d8da180000, 0x000001d8da3f0000, 0x000001d8e16b0000]
CodeHeap 'non-nmethods': size=5760Kb used=1232Kb max_used=1232Kb free=4527Kb
 bounds [0x000001d8d9be0000, 0x000001d8d9e50000, 0x000001d8da180000]
 total_blobs=1228 nmethods=682 adapters=459
 compilation: enabled
              stopped_count=0, restarted_count=0
 full_count=0

Compilation events (20 events):
Event: 0.434 Thread 0x000001d8f513df40 nmethod 672 0x000001d8da284a10 code [0x000001d8da284bc0, 0x000001d8da284e68]
Event: 0.434 Thread 0x000001d8f513df40  673       3       sun.awt.image.InputStreamImageSource::latchConsumers (6 bytes)
Event: 0.434 Thread 0x000001d8f513df40 nmethod 673 0x000001d8da284f10 code [0x000001d8da2850c0, 0x000001d8da285468]
Event: 0.436 Thread 0x000001d8f513df40  674   !   3       javax.swing.UIDefaults::getFromResourceBundle (69 bytes)
Event: 0.436 Thread 0x000001d8f513df40 nmethod 674 0x000001d8da285590 code [0x000001d8da285780, 0x000001d8da285e98]
Event: 0.440 Thread 0x000001d8f513df40  675       3       java.lang.StringConcatHelper::stringOf (20 bytes)
Event: 0.440 Thread 0x000001d8f513df40 nmethod 675 0x000001d8da286090 code [0x000001d8da286240, 0x000001d8da286488]
Event: 0.443 Thread 0x000001d8f513bd50 nmethod 671% 0x000001d8e16e0410 code [0x000001d8e16e05a0, 0x000001d8e16e08b8]
Event: 0.446 Thread 0x000001d8f513df40  676       3       java.lang.StringConcatHelper::prepend (37 bytes)
Event: 0.446 Thread 0x000001d8f513df40 nmethod 676 0x000001d8da286590 code [0x000001d8da286760, 0x000001d8da286a38]
Event: 0.449 Thread 0x000001d8f513df40  678       3       java.lang.Integer::valueOf (32 bytes)
Event: 0.449 Thread 0x000001d8f513df40 nmethod 678 0x000001d8da286b90 code [0x000001d8da286d40, 0x000001d8da287058]
Event: 0.449 Thread 0x000001d8f513df40  680       3       java.util.StringTokenizer::setMaxDelimCodePoint (156 bytes)
Event: 0.450 Thread 0x000001d8f513df40 nmethod 680 0x000001d8da287190 code [0x000001d8da287400, 0x000001d8da288158]
Event: 0.450 Thread 0x000001d8f513df40  679       3       java.util.StringTokenizer::<init> (52 bytes)
Event: 0.450 Thread 0x000001d8f513df40 nmethod 679 0x000001d8da288610 code [0x000001d8da2887e0, 0x000001d8da288b68]
Event: 0.450 Thread 0x000001d8f513df40  681       3       java.util.StringTokenizer::<init> (8 bytes)
Event: 0.450 Thread 0x000001d8f513df40 nmethod 681 0x000001d8da288d10 code [0x000001d8da288ea0, 0x000001d8da288fe8]
Event: 0.450 Thread 0x000001d8f513df40  682       1       java.lang.reflect.Field::getModifiers (5 bytes)
Event: 0.450 Thread 0x000001d8f513df40 nmethod 682 0x000001d8e16e0e90 code [0x000001d8e16e1020, 0x000001d8e16e10f8]

GC Heap History (0 events):
No events

Deoptimization events (8 events):
Event: 0.358 Thread 0x000001d8f606dd70 DEOPT PACKING pc=0x000001d8da195ae7 sp=0x00000098d26fd210
Event: 0.358 Thread 0x000001d8f606dd70 DEOPT UNPACKING pc=0x000001d8d9c32b43 sp=0x00000098d26fc630 mode 0
Event: 0.389 Thread 0x000001d8f63fb7a0 DEOPT PACKING pc=0x000001d8da186b51 sp=0x00000098d29fdb40
Event: 0.389 Thread 0x000001d8f63fb7a0 DEOPT UNPACKING pc=0x000001d8d9c32b43 sp=0x00000098d29fcfb8 mode 0
Event: 0.415 Thread 0x000001d8f63fb7a0 Uncommon trap: trap_request=0xffffff45 fr.pc=0x000001d8e16dafb4 relative=0x0000000000000414
Event: 0.415 Thread 0x000001d8f63fb7a0 Uncommon trap: reason=unstable_if action=reinterpret pc=0x000001d8e16dafb4 method=java.lang.StringLatin1.newString([BII)Ljava/lang/String; @ 1 c2
Event: 0.415 Thread 0x000001d8f63fb7a0 DEOPT PACKING pc=0x000001d8e16dafb4 sp=0x00000098d29fe960
Event: 0.415 Thread 0x000001d8f63fb7a0 DEOPT UNPACKING pc=0x000001d8d9c323a3 sp=0x00000098d29fe940 mode 2

Classes unloaded (0 events):
No events

Classes redefined (0 events):
No events

Internal exceptions (11 events):
Event: 0.093 Thread 0x000001d8d20f9860 Exception <a 'java/lang/ClassNotFoundException'{0x00000007105c4298}: sun/awt/resources/spi/awtProvider> (0x00000007105c4298) 
thrown [s\src\hotspot\share\classfile\systemDictionary.cpp, line 256]
Event: 0.109 Thread 0x000001d8d20f9860 Exception <a 'java/io/FileNotFoundException'{0x000000071021d640}> (0x000000071021d640) 
thrown [s\src\hotspot\share\prims\jni.cpp, line 516]
Event: 0.115 Thread 0x000001d8d20f9860 Exception <a 'java/io/FileNotFoundException'{0x000000071024a618}> (0x000000071024a618) 
thrown [s\src\hotspot\share\prims\jni.cpp, line 516]
Event: 0.137 Thread 0x000001d8d20f9860 Exception <a 'java/lang/NoSuchMethodError'{0x0000000710280eb8}: 'java.lang.Object java.lang.invoke.DirectMethodHandle$Holder.invokeStaticInit(java.lang.Object)'> (0x0000000710280eb8) 
thrown [s\src\hotspot\share\interpreter\linkResolver.cpp, line 759]
Event: 0.331 Thread 0x000001d8f606dd70 Exception <a 'java/lang/NoSuchMethodError'{0x00000007103a2280}: 'void java.lang.invoke.DirectMethodHandle$Holder.invokeSpecial(java.lang.Object, java.lang.Object, java.lang.Object)'> (0x00000007103a2280) 
thrown [s\src\hotspot\share\interpreter\linkResolver.cpp, line 759]
Event: 0.338 Thread 0x000001d8f606dd70 Exception <a 'java/lang/NoSuchMethodError'{0x00000007100096a0}: 'java.lang.Object java.lang.invoke.DirectMethodHandle$Holder.newInvokeSpecial(java.lang.Object, java.lang.Object, java.lang.Object, java.lang.Object, java.lang.Object)'> (0x00000007100096a0) 
thrown [s\src\hotspot\share\interpreter\linkResolver.cpp, line 759]
Event: 0.339 Thread 0x000001d8f606dd70 Exception <a 'java/lang/NoSuchMethodError'{0x0000000710015068}: 'java.lang.Object java.lang.invoke.DirectMethodHandle$Holder.invokeStatic(java.lang.Object, int, java.lang.Object, java.lang.Object, java.lang.Object, java.lang.Object)'> (0x0000000710015068) 
thrown [s\src\hotspot\share\interpreter\linkResolver.cpp, line 759]
Event: 0.344 Thread 0x000001d8f606dd70 Exception <a 'java/lang/NoSuchMethodError'{0x000000071003a898}: 'java.lang.Object java.lang.invoke.DirectMethodHandle$Holder.invokeStatic(java.lang.Object, int, java.lang.Object)'> (0x000000071003a898) 
thrown [s\src\hotspot\share\interpreter\linkResolver.cpp, line 759]
Event: 0.368 Thread 0x000001d8f606dd70 Exception <a 'java/lang/ClassNotFoundException'{0x00000007100f24d8}: com/sun/swing/internal/plaf/metal/resources/spi/metalProvider> (0x00000007100f24d8) 
thrown [s\src\hotspot\share\classfile\systemDictionary.cpp, line 256]
Event: 0.369 Thread 0x000001d8f606dd70 Exception <a 'java/lang/ClassNotFoundException'{0x00000007100f6ee0}: com/sun/swing/internal/plaf/basic/resources/spi/basicProvider> (0x00000007100f6ee0) 
thrown [s\src\hotspot\share\classfile\systemDictionary.cpp, line 256]
Event: 0.417 Thread 0x000001d8f63fb7a0 Exception <a 'java/lang/NoSuchMethodError'{0x000000070fed8460}: 'java.lang.Object java.lang.invoke.DirectMethodHandle$Holder.newInvokeSpecial(java.lang.Object, java.lang.Object, java.lang.Object, int, int, int, int, int)'> (0x000000070fed8460) 
thrown [s\src\hotspot\share\interpreter\linkResolver.cpp, line 759]

VM Operations (4 events):
Event: 0.061 Executing VM operation: HandshakeAllThreads
Event: 0.061 Executing VM operation: HandshakeAllThreads done
Event: 0.381 Executing VM operation: HandshakeAllThreads
Event: 0.381 Executing VM operation: HandshakeAllThreads done

Events (20 events):
Event: 0.453 loading class java/text/CharacterIterator done
Event: 0.453 loading class javax/swing/text/Segment done
Event: 0.453 loading class javax/swing/text/Utilities
Event: 0.453 loading class javax/swing/text/Utilities done
Event: 0.453 loading class javax/swing/text/SegmentCache
Event: 0.453 loading class javax/swing/text/SegmentCache done
Event: 0.453 loading class javax/swing/text/SegmentCache$CachedSegment
Event: 0.453 loading class javax/swing/text/SegmentCache$CachedSegment done
Event: 0.453 loading class sun/font/FontDesignMetrics
Event: 0.454 loading class java/awt/FontMetrics
Event: 0.454 loading class java/awt/FontMetrics done
Event: 0.454 loading class sun/font/FontDesignMetrics done
Event: 0.454 loading class sun/font/SunFontManager
Event: 0.454 loading class sun/java2d/FontSupport
Event: 0.454 loading class sun/java2d/FontSupport done
Event: 0.454 loading class sun/font/FontManagerForSGE
Event: 0.454 loading class sun/font/FontManager
Event: 0.454 loading class sun/font/FontManager done
Event: 0.454 loading class sun/font/FontManagerForSGE done
Event: 0.454 loading class sun/font/SunFontManager done


Dynamic libraries:
0x00007ff7d7160000 - 0x00007ff7d716e000 	C:\Users\Desktop\AppData\Local\Programs\Eclipse Adoptium\jdk-17.0.4.101-hotspot\bin\java.exe
0x00007ffb6e490000 - 0x00007ffb6e688000 	C:\WINDOWS\SYSTEM32\ntdll.dll
0x00007ffb409a0000 - 0x00007ffb409b9000 	C:\Program Files\AVAST Software\Avast\aswhook.dll
0x00007ffb6d500000 - 0x00007ffb6d5bf000 	C:\WINDOWS\System32\KERNEL32.DLL
0x00007ffb6c0c0000 - 0x00007ffb6c3b6000 	C:\WINDOWS\System32\KERNELBASE.dll
0x00007ffb6c3f0000 - 0x00007ffb6c4f0000 	C:\WINDOWS\System32\ucrtbase.dll
0x00007ffb5b9f0000 - 0x00007ffb5ba08000 	C:\Users\Desktop\AppData\Local\Programs\Eclipse Adoptium\jdk-17.0.4.101-hotspot\bin\jli.dll
0x00007ffb5ba10000 - 0x00007ffb5ba29000 	C:\Users\Desktop\AppData\Local\Programs\Eclipse Adoptium\jdk-17.0.4.101-hotspot\bin\VCRUNTIME140.dll
0x00007ffb6d0e0000 - 0x00007ffb6d27d000 	C:\WINDOWS\System32\USER32.dll
0x00007ffb6bb70000 - 0x00007ffb6bb92000 	C:\WINDOWS\System32\win32u.dll
0x00007ffb5d290000 - 0x00007ffb5d52a000 	C:\WINDOWS\WinSxS\amd64_microsoft.windows.common-controls_6595b64144ccf1df_6.0.19041.1110_none_60b5254171f9507e\COMCTL32.dll
0x00007ffb6c6e0000 - 0x00007ffb6c70c000 	C:\WINDOWS\System32\GDI32.dll
0x00007ffb6cfb0000 - 0x00007ffb6d04e000 	C:\WINDOWS\System32\msvcrt.dll
0x00007ffb6bbf0000 - 0x00007ffb6bd05000 	C:\WINDOWS\System32\gdi32full.dll
0x00007ffb6bd80000 - 0x00007ffb6be1d000 	C:\WINDOWS\System32\msvcp_win.dll
0x00007ffb6e420000 - 0x00007ffb6e450000 	C:\WINDOWS\System32\IMM32.DLL
0x00007ffb67750000 - 0x00007ffb6775c000 	C:\Users\Desktop\AppData\Local\Programs\Eclipse Adoptium\jdk-17.0.4.101-hotspot\bin\vcruntime140_1.dll
0x00007ffb4fec0000 - 0x00007ffb4ff51000 	C:\Users\Desktop\AppData\Local\Programs\Eclipse Adoptium\jdk-17.0.4.101-hotspot\bin\msvcp140.dll
0x00007ffaf81e0000 - 0x00007ffaf8e26000 	C:\Users\Desktop\AppData\Local\Programs\Eclipse Adoptium\jdk-17.0.4.101-hotspot\bin\server\jvm.dll
0x00007ffb6e150000 - 0x00007ffb6e1ff000 	C:\WINDOWS\System32\ADVAPI32.dll
0x00007ffb6d820000 - 0x00007ffb6d8bc000 	C:\WINDOWS\System32\sechost.dll
0x00007ffb6c4f0000 - 0x00007ffb6c616000 	C:\WINDOWS\System32\RPCRT4.dll
0x00007ffb6d410000 - 0x00007ffb6d418000 	C:\WINDOWS\System32\PSAPI.DLL
0x00007ffb5fe80000 - 0x00007ffb5fea7000 	C:\WINDOWS\SYSTEM32\WINMM.dll
0x00007ffb4fc00000 - 0x00007ffb4fc09000 	C:\WINDOWS\SYSTEM32\WSOCK32.dll
0x00007ffb65ce0000 - 0x00007ffb65cea000 	C:\WINDOWS\SYSTEM32\VERSION.dll
0x00007ffb6d280000 - 0x00007ffb6d2eb000 	C:\WINDOWS\System32\WS2_32.dll
0x00007ffb6a3d0000 - 0x00007ffb6a3e2000 	C:\WINDOWS\SYSTEM32\kernel.appcore.dll
0x00007ffb4fda0000 - 0x00007ffb4fdaa000 	C:\Users\Desktop\AppData\Local\Programs\Eclipse Adoptium\jdk-17.0.4.101-hotspot\bin\jimage.dll
0x00007ffb69170000 - 0x00007ffb69354000 	C:\WINDOWS\SYSTEM32\DBGHELP.DLL
0x00007ffb60df0000 - 0x00007ffb60e24000 	C:\WINDOWS\SYSTEM32\dbgcore.DLL
0x00007ffb6be20000 - 0x00007ffb6bea2000 	C:\WINDOWS\System32\bcryptPrimitives.dll
0x00007ffb469d0000 - 0x00007ffb469f5000 	C:\Users\Desktop\AppData\Local\Programs\Eclipse Adoptium\jdk-17.0.4.101-hotspot\bin\java.dll
0x00007ffb3c730000 - 0x00007ffb3c806000 	C:\Users\Desktop\AppData\Local\Programs\Eclipse Adoptium\jdk-17.0.4.101-hotspot\bin\jsvml.dll
0x00007ffb6d9a0000 - 0x00007ffb6e0e4000 	C:\WINDOWS\System32\SHELL32.dll
0x00007ffb69c20000 - 0x00007ffb6a3b3000 	C:\WINDOWS\SYSTEM32\windows.storage.dll
0x00007ffb6c7e0000 - 0x00007ffb6cb34000 	C:\WINDOWS\System32\combase.dll
0x00007ffb6b5c0000 - 0x00007ffb6b5ee000 	C:\WINDOWS\SYSTEM32\Wldp.dll
0x00007ffb6d5c0000 - 0x00007ffb6d66d000 	C:\WINDOWS\System32\SHCORE.dll
0x00007ffb6e0f0000 - 0x00007ffb6e145000 	C:\WINDOWS\System32\shlwapi.dll
0x00007ffb6bab0000 - 0x00007ffb6bacf000 	C:\WINDOWS\SYSTEM32\profapi.dll
0x00007ffb4f3c0000 - 0x00007ffb4f3d9000 	C:\Users\Desktop\AppData\Local\Programs\Eclipse Adoptium\jdk-17.0.4.101-hotspot\bin\net.dll
0x00007ffb642f0000 - 0x00007ffb643fa000 	C:\WINDOWS\SYSTEM32\WINHTTP.dll
0x00007ffb6b320000 - 0x00007ffb6b38a000 	C:\WINDOWS\system32\mswsock.dll
0x00007ffb4cd90000 - 0x00007ffb4cda5000 	C:\Users\Desktop\AppData\Local\Programs\Eclipse Adoptium\jdk-17.0.4.101-hotspot\bin\nio.dll
0x00007ffb4b9a0000 - 0x00007ffb4b9b8000 	C:\Users\Desktop\AppData\Local\Programs\Eclipse Adoptium\jdk-17.0.4.101-hotspot\bin\zip.dll
0x00007ffb2ab50000 - 0x00007ffb2acde000 	C:\Users\Desktop\AppData\Local\Programs\Eclipse Adoptium\jdk-17.0.4.101-hotspot\bin\awt.dll
0x00007ffb6c710000 - 0x00007ffb6c7dd000 	C:\WINDOWS\System32\OLEAUT32.dll
0x00007ffb69380000 - 0x00007ffb69411000 	C:\WINDOWS\SYSTEM32\apphelp.dll
0x00007ffb69570000 - 0x00007ffb6960e000 	C:\WINDOWS\system32\uxtheme.dll
0x00007ffb6d2f0000 - 0x00007ffb6d404000 	C:\WINDOWS\System32\MSCTF.dll
0x00007ffb6e260000 - 0x00007ffb6e38a000 	C:\WINDOWS\System32\ole32.dll
0x00007ffb69750000 - 0x00007ffb6977f000 	C:\WINDOWS\system32\DWMAPI.DLL
0x00007ffb365c0000 - 0x00007ffb366e5000 	C:\WINDOWS\system32\opengl32.dll
0x00007ffb36490000 - 0x00007ffb364bc000 	C:\WINDOWS\SYSTEM32\GLU32.dll
0x00007ffb05f40000 - 0x00007ffb0610d000 	C:\WINDOWS\system32\d3d9.dll
0x00007ffb613b0000 - 0x00007ffb6146c000 	C:\WINDOWS\System32\DriverStore\FileRepository\nv_dispig.inf_amd64_7e5fd280efaa5445\nvldumdx.dll
0x00007ffb6b750000 - 0x00007ffb6b762000 	C:\WINDOWS\SYSTEM32\msasn1.dll
0x00007ffb634b0000 - 0x00007ffb634e1000 	C:\WINDOWS\SYSTEM32\cryptnet.dll
0x00007ffb6beb0000 - 0x00007ffb6c00e000 	C:\WINDOWS\System32\CRYPT32.dll
0x00007ffb622c0000 - 0x00007ffb62408000 	C:\WINDOWS\SYSTEM32\drvstore.dll
0x00007ffb6b920000 - 0x00007ffb6b94c000 	C:\WINDOWS\SYSTEM32\devobj.dll
0x00007ffb6bba0000 - 0x00007ffb6bbee000 	C:\WINDOWS\System32\cfgmgr32.dll
0x00007ffb6b530000 - 0x00007ffb6b53c000 	C:\WINDOWS\SYSTEM32\cryptbase.dll
0x00007ffb6bd10000 - 0x00007ffb6bd77000 	C:\WINDOWS\System32\wintrust.dll
0x00007ffb6d4e0000 - 0x00007ffb6d4fd000 	C:\WINDOWS\System32\imagehlp.dll
0x00007ffb6b510000 - 0x00007ffb6b528000 	C:\WINDOWS\SYSTEM32\CRYPTSP.dll
0x00007ffb6abd0000 - 0x00007ffb6ac04000 	C:\WINDOWS\system32\rsaenh.dll
0x00007ffb6c3c0000 - 0x00007ffb6c3e7000 	C:\WINDOWS\System32\bcrypt.dll
0x00007ffae67a0000 - 0x00007ffae992b000 	C:\WINDOWS\System32\DriverStore\FileRepository\nv_dispig.inf_amd64_7e5fd280efaa5445\nvd3dumx.dll
0x00007ffb22980000 - 0x00007ffb22c43000 	C:\WINDOWS\system32\nvspcap64.dll
0x00007ffb6acf0000 - 0x00007ffb6ad23000 	C:\WINDOWS\SYSTEM32\ntmarta.dll
0x00007ffb6a3f0000 - 0x00007ffb6a413000 	C:\WINDOWS\SYSTEM32\gpapi.dll
0x00007ffb616e0000 - 0x00007ffb6171b000 	C:\WINDOWS\SYSTEM32\dxcore.dll

dbghelp: loaded successfully - version: 4.0.5 - missing functions: none
symbol engine: initialized successfully - sym options: 0x614 - pdb path: .;C:\Users\Desktop\AppData\Local\Programs\Eclipse Adoptium\jdk-17.0.4.101-hotspot\bin;C:\WINDOWS\SYSTEM32;C:\Program Files\AVAST Software\Avast;C:\WINDOWS\WinSxS\amd64_microsoft.windows.common-controls_6595b64144ccf1df_6.0.19041.1110_none_60b5254171f9507e;C:\Users\Desktop\AppData\Local\Programs\Eclipse Adoptium\jdk-17.0.4.101-hotspot\bin\server;C:\WINDOWS\System32\DriverStore\FileRepository\nv_dispig.inf_amd64_7e5fd280efaa5445

VM Arguments:
jvm_args: -XX:+ShowCodeDetailsInExceptionMessages 
java_command: main.java.br.com.alura.hotel.views.Login
java_class_path (initial): C:\Users\Desktop\AppData\Roaming\Code\User\workspaceStorage\a33f44b653289dbf645985558d775b4d\redhat.java\jdt_ws\one-t5-hotel_6b5ae5ee\bin;e:\_Dev\one-t5-hotel\lib\javax.activation-api-1.2.0.jar;e:\_Dev\one-t5-hotel\lib\jaxb-api-2.3.1.jar;e:\_Dev\one-t5-hotel\lib\KGradientPanel.jar;e:\_Dev\one-t5-hotel\lib\mchange-commons-java-0.2.19.jar;e:\_Dev\one-t5-hotel\lib\c3p0-0.9.5.5.jar;e:\_Dev\one-t5-hotel\lib\javax.persistence-api-2.2.jar;e:\_Dev\one-t5-hotel\lib\stax-ex-1.8.jar;e:\_Dev\one-t5-hotel\lib\mysql-connector-java-8.0.17.jar;e:\_Dev\one-t5-hotel\lib\dom4j-2.1.3.jar;e:\_Dev\one-t5-hotel\lib\h2-1.4.200.jar;e:\_Dev\one-t5-hotel\lib\jandex-2.1.3.Final.jar;e:\_Dev\one-t5-hotel\lib\byte-buddy-1.10.17.jar;e:\_Dev\one-t5-hotel\lib\classmate-1.5.1.jar;e:\_Dev\one-t5-hotel\lib\hibernate-entitymanager-5.4.27.Final.jar;e:\_Dev\one-t5-hotel\lib\istack-commons-runtime-3.0.7.jar;e:\_Dev\one-t5-hotel\lib\txw2-2.3.1.jar;e:\_Dev\one-t5-hotel\lib\jboss-transaction-api_1.2_spec-1.1.1.Final.jar;e:\_Dev\one-t5-hotel\lib\jcalendar-1.4.jar;e:\_Dev\one-t5-hotel\lib\hibernate-commons-annotations-5.1.2.Final.jar;e:\_Dev\one-t5-hotel\lib\hibernate-core-5.4.27.Final.jar;e:\_Dev\one-t5-hotel\lib\FastInfoset-1.2.15.jar;e:\_Dev\one-t5-hotel\lib\javassist-3.27.0-GA.jar;e:\_Dev\one-t5-hotel\lib\jaxb-runtime-2.3.1.jar;e:\_Dev\one-t5-hotel\lib\antlr-2.7.7.jar;e:\_Dev\one-t5-hotel\lib\jboss-logging-3.4.1.Final.jar
Launcher Type: SUN_STANDARD

[Global flags]
     intx CICompilerCount                          = 4                                         {product} {ergonomic}
     uint ConcGCThreads                            = 2                                         {product} {ergonomic}
     uint G1ConcRefinementThreads                  = 8                                         {product} {ergonomic}
   size_t G1HeapRegionSize                         = 2097152                                   {product} {ergonomic}
    uintx GCDrainStackTargetSize                   = 64                                        {product} {ergonomic}
   size_t InitialHeapSize                          = 268435456                                 {product} {ergonomic}
   size_t MarkStackSize                            = 4194304                                   {product} {ergonomic}
   size_t MaxHeapSize                              = 4286578688                                {product} {ergonomic}
   size_t MaxNewSize                               = 2571108352                                {product} {ergonomic}
   size_t MinHeapDeltaBytes                        = 2097152                                   {product} {ergonomic}
   size_t MinHeapSize                              = 8388608                                   {product} {ergonomic}
    uintx NonNMethodCodeHeapSize                   = 5839372                                {pd product} {ergonomic}
    uintx NonProfiledCodeHeapSize                  = 122909434                              {pd product} {ergonomic}
    uintx ProfiledCodeHeapSize                     = 122909434                              {pd product} {ergonomic}
    uintx ReservedCodeCacheSize                    = 251658240                              {pd product} {ergonomic}
     bool SegmentedCodeCache                       = true                                      {product} {ergonomic}
     bool ShowCodeDetailsInExceptionMessages       = true                                   {manageable} {command line}
   size_t SoftMaxHeapSize                          = 4286578688                             {manageable} {ergonomic}
     bool UseCompressedClassPointers               = true                           {product lp64_product} {ergonomic}
     bool UseCompressedOops                        = true                           {product lp64_product} {ergonomic}
     bool UseG1GC                                  = true                                      {product} {ergonomic}
     bool UseLargePagesIndividualAllocation        = false                                  {pd product} {ergonomic}

Logging:
Log output configuration:
 #0: stdout all=warning uptime,level,tags
 #1: stderr all=off uptime,level,tags

Environment Variables:
JAVA_HOME=C:\Users\Desktop\AppData\Local\Programs\Eclipse Adoptium\jdk-17.0.4.101-hotspot\
PATH=C:\Python311\Scripts\;C:\Python311\;C:\Program Files (x86)\Common Files\Intel\Shared Libraries\redist\intel64_win\compiler;C:\Program Files (x86)\Common Files\Intel\Shared Libraries\redist\ia32_win\compiler;C:\Program Files (x86)\Razer Chroma SDK\bin;C:\Program Files\Razer Chroma SDK\bin;C:\Program Files (x86)\Razer\ChromaBroadcast\bin;C:\Program Files\Razer\ChromaBroadcast\bin;C:\Program Files (x86)\Intel\iCLS Client\;C:\Program Files\Intel\iCLS Client\;C:\Windows\system32;C:\Windows;C:\Windows\System32\Wbem;C:\Windows\System32\WindowsPowerShell\v1.0\;C:\Program Files (x86)\Intel\Intel(R) Management Engine Components\DAL;C:\Program Files\Intel\Intel(R) Management Engine Components\DAL;C:\Program Files (x86)\Intel\Intel(R) Management Engine Components\IPT;C:\Program Files\Intel\Intel(R) Management Engine Components\IPT;C:\Program Files (x86)\NVIDIA Corporation\PhysX\Common;C:\WINDOWS\system32;C:\WINDOWS;C:\WINDOWS\System32\Wbem;C:\WINDOWS\System32\WindowsPowerShell\v1.0\;C:\WINDOWS\System32\OpenSSH\;C:\Program Files (x86)\QuickTime\QTSystem\;C:\Program Files\NVIDIA Corporation\NVIDIA NvDLISR;C:\WINDOWS\system32;C:\WINDOWS;C:\WINDOWS\System32\Wbem;C:\WINDOWS\System32\WindowsPowerShell\v1.0\;C:\WINDOWS\System32\OpenSSH\;C:\WINDOWS\system32\config\systemprofile\AppData\Local\Microsoft\WindowsApps;C:\Program Files\Git\cmd;C:\Program Files\nodejs\;C:\ProgramData\chocolatey\bin;C:\Program Files\MySQL\MySQL Shell 8.0\bin\;C:\Users\Desktop\AppData\Local\Programs\Eclipse Adoptium\jdk-17.0.4.101-hotspot\bin;C:\Users\Desktop\AppData\Local\Microsoft\WindowsApps;C:\Users\Desktop\AppData\Local\Programs\Microsoft VS Code\bin;C:\Users\Desktop\AppData\Local\GitHubDesktop\bin;C:\Users\Desktop\AppData\Roaming\npm
USERNAME=Desktop
LANG=en_US.UTF-8
OS=Windows_NT
PROCESSOR_IDENTIFIER=Intel64 Family 6 Model 158 Stepping 9, GenuineIntel
TMP=C:\Users\Desktop\AppData\Local\Temp
TEMP=C:\Users\Desktop\AppData\Local\Temp



---------------  S Y S T E M  ---------------

OS:
 Windows 10 , 64 bit Build 19041 (10.0.19041.3031)
OS uptime: 0 days 14:25 hours

CPU: total 8 (initial active 8) (4 cores per cpu, 2 threads per core) family 6 model 158 stepping 9 microcode 0xb4, cx8, cmov, fxsr, ht, mmx, 3dnowpref, sse, sse2, sse3, ssse3, sse4.1, sse4.2, popcnt, lzcnt, tsc, tscinvbit, avx, avx2, aes, erms, clmul, bmi1, bmi2, rtm, adx, fma, vzeroupper, clflush, clflushopt

Memory: 4k page, system-wide physical 16344M (3776M free)
TotalPageFile size 21464M (AvailPageFile size 2M)
current process WorkingSet (physical memory assigned to process): 69M, peak: 69M
current process commit charge ("private bytes"): 370M, peak: 371M

vm_info: OpenJDK 64-Bit Server VM (17.0.4.1+1) for windows-amd64 JRE (17.0.4.1+1), built on Aug 17 2022 07:42:43 by "temurin" with MS VC++ 16.7 (VS2019)

END.
